<?xml version="1.0" encoding="UTF-8"?>
<testsuites>
  <testsuite name="Patients test suite" timestamp="2023-01-04T09:18:24" time="3.702" tests="2" failures="0" errors="0" skipped="0">
    <properties>
      <property name="specId" value="0"/>
      <property name="suiteName" value="Patients test suite"/>
      <property name="capabilities" value="chrome.108_0_5359_125.windows"/>
      <property name="file" value=".\test\specs\test.spec.js"/>
    </properties>
    <testcase classname="chrome.108_0_5359_125.windows.Patients_test_suite" name="search patient" time="2.548">
      <system-out><![CDATA[
COMMAND: POST /session/cd2890ae22892efecc4faec6cba52f10/url - {"url":"https://ej2.syncfusion.com/showcase/angular/appointmentplanner/#/patients"}
RESULT: {"url":"https://ej2.syncfusion.com/showcase/angular/appointmentplanner/#/patients"}
COMMAND: POST /session/cd2890ae22892efecc4faec6cba52f10/element - {"using":"xpath","value":"//input[@id='schedule_searchbar']"}
RESULT: {"using":"xpath","value":"//input[@id='schedule_searchbar']"}
COMMAND: POST /session/cd2890ae22892efecc4faec6cba52f10/element - {"using":"xpath","value":"//span[@id='schedule_searchbutton']"}
RESULT: {"using":"xpath","value":"//span[@id='schedule_searchbutton']"}
COMMAND: POST /session/cd2890ae22892efecc4faec6cba52f10/execute/sync - {"script":"return (function isElementDisplayed(element) {\n    function nodeIsElement(node) {\n        if (!node) {\n            return false;\n        }\n        switch (node.nodeType) {\n            case Node.ELEMEN ... (7763 more bytes)","args":[{"element-6066-11e4-a52e-4f735466cecf":"45472ecc-d8d8-4904-a155-e2892a1cc18f","ELEMENT":"45472ecc-d8d8-4904-a155-e2892a1cc18f"}]}
RESULT: {"script":"return (function isElementDisplayed(element) {\n    function nodeIsElement(node) {\n        if (!node) {\n            return false;\n        }\n        switch (node.nodeType) {\n            case Node.ELEMEN ... (7763 more bytes)","args":[{"element-6066-11e4-a52e-4f735466cecf":"45472ecc-d8d8-4904-a155-e2892a1cc18f","ELEMENT":"45472ecc-d8d8-4904-a155-e2892a1cc18f"}]}
COMMAND: POST /session/cd2890ae22892efecc4faec6cba52f10/execute/sync - {"script":"return (function isElementClickable(elem) {\n    if (!elem.getBoundingClientRect || !elem.scrollIntoView || !elem.contains || !elem.getClientRects || !document.elementFromPoint) {\n        return false; ... (5149 more bytes)","args":[{"element-6066-11e4-a52e-4f735466cecf":"45472ecc-d8d8-4904-a155-e2892a1cc18f","ELEMENT":"45472ecc-d8d8-4904-a155-e2892a1cc18f"}]}
RESULT: {"script":"return (function isElementClickable(elem) {\n    if (!elem.getBoundingClientRect || !elem.scrollIntoView || !elem.contains || !elem.getClientRects || !document.elementFromPoint) {\n        return false; ... (5149 more bytes)","args":[{"element-6066-11e4-a52e-4f735466cecf":"45472ecc-d8d8-4904-a155-e2892a1cc18f","ELEMENT":"45472ecc-d8d8-4904-a155-e2892a1cc18f"}]}
COMMAND: POST /session/cd2890ae22892efecc4faec6cba52f10/element/45472ecc-d8d8-4904-a155-e2892a1cc18f/click - {}
RESULT: {}
COMMAND: POST /session/cd2890ae22892efecc4faec6cba52f10/element/45472ecc-d8d8-4904-a155-e2892a1cc18f/clear - {}
RESULT: {}
COMMAND: POST /session/cd2890ae22892efecc4faec6cba52f10/element/45472ecc-d8d8-4904-a155-e2892a1cc18f/value - {"text":"Mercy"}
RESULT: {"text":"Mercy"}
COMMAND: POST /session/cd2890ae22892efecc4faec6cba52f10/execute/sync - {"script":"return (function isElementDisplayed(element) {\n    function nodeIsElement(node) {\n        if (!node) {\n            return false;\n        }\n        switch (node.nodeType) {\n            case Node.ELEMEN ... (7763 more bytes)","args":[{"element-6066-11e4-a52e-4f735466cecf":"1803c0a0-c566-4439-bb94-9c4ebdbfd54b","ELEMENT":"1803c0a0-c566-4439-bb94-9c4ebdbfd54b"}]}
RESULT: {"script":"return (function isElementDisplayed(element) {\n    function nodeIsElement(node) {\n        if (!node) {\n            return false;\n        }\n        switch (node.nodeType) {\n            case Node.ELEMEN ... (7763 more bytes)","args":[{"element-6066-11e4-a52e-4f735466cecf":"1803c0a0-c566-4439-bb94-9c4ebdbfd54b","ELEMENT":"1803c0a0-c566-4439-bb94-9c4ebdbfd54b"}]}
COMMAND: POST /session/cd2890ae22892efecc4faec6cba52f10/execute/sync - {"script":"return (function isElementClickable(elem) {\n    if (!elem.getBoundingClientRect || !elem.scrollIntoView || !elem.contains || !elem.getClientRects || !document.elementFromPoint) {\n        return false; ... (5149 more bytes)","args":[{"element-6066-11e4-a52e-4f735466cecf":"1803c0a0-c566-4439-bb94-9c4ebdbfd54b","ELEMENT":"1803c0a0-c566-4439-bb94-9c4ebdbfd54b"}]}
RESULT: {"script":"return (function isElementClickable(elem) {\n    if (!elem.getBoundingClientRect || !elem.scrollIntoView || !elem.contains || !elem.getClientRects || !document.elementFromPoint) {\n        return false; ... (5149 more bytes)","args":[{"element-6066-11e4-a52e-4f735466cecf":"1803c0a0-c566-4439-bb94-9c4ebdbfd54b","ELEMENT":"1803c0a0-c566-4439-bb94-9c4ebdbfd54b"}]}
COMMAND: POST /session/cd2890ae22892efecc4faec6cba52f10/element/1803c0a0-c566-4439-bb94-9c4ebdbfd54b/click - {}
RESULT: {}
COMMAND: POST /session/cd2890ae22892efecc4faec6cba52f10/element - {"using":"xpath","value":"//span[text()='Mercy']"}
RESULT: {"using":"xpath","value":"//span[text()='Mercy']"}
COMMAND: POST /session/cd2890ae22892efecc4faec6cba52f10/elements - {"using":"xpath","value":"//span[text()='Mercy']"}
]]></system-out>
    </testcase>
    <testcase classname="chrome.108_0_5359_125.windows.Patients_test_suite" name="add new patient" time="1.141">
      <system-out><![CDATA[
COMMAND: POST /session/cd2890ae22892efecc4faec6cba52f10/url - {"url":"https://ej2.syncfusion.com/showcase/angular/appointmentplanner/#/patients"}
RESULT: {"using":"xpath","value":"//span[text()='Mercy']"}
RESULT: {"url":"https://ej2.syncfusion.com/showcase/angular/appointmentplanner/#/patients"}
COMMAND: POST /session/cd2890ae22892efecc4faec6cba52f10/element - {"using":"xpath","value":"//button[text()='Add New Patient']"}
RESULT: {"using":"xpath","value":"//button[text()='Add New Patient']"}
COMMAND: POST /session/cd2890ae22892efecc4faec6cba52f10/element - {"using":"xpath","value":"//input[@name='Name']"}
RESULT: {"using":"xpath","value":"//input[@name='Name']"}
COMMAND: POST /session/cd2890ae22892efecc4faec6cba52f10/element - {"using":"xpath","value":"//input[@id='PatientMobile']"}
RESULT: {"using":"xpath","value":"//input[@id='PatientMobile']"}
COMMAND: POST /session/cd2890ae22892efecc4faec6cba52f10/element - {"using":"xpath","value":"//input[@name='Email']"}
RESULT: {"using":"xpath","value":"//input[@name='Email']"}
COMMAND: POST /session/cd2890ae22892efecc4faec6cba52f10/element - {"using":"xpath","value":"//button[text()='Save']"}
RESULT: {"using":"xpath","value":"//button[text()='Save']"}
COMMAND: POST /session/cd2890ae22892efecc4faec6cba52f10/execute/sync - {"script":"return (function isElementDisplayed(element) {\n    function nodeIsElement(node) {\n        if (!node) {\n            return false;\n        }\n        switch (node.nodeType) {\n            case Node.ELEMEN ... (7763 more bytes)","args":[{"element-6066-11e4-a52e-4f735466cecf":"f36da170-7097-4d4e-9b64-524155092fa8","ELEMENT":"f36da170-7097-4d4e-9b64-524155092fa8"}]}
RESULT: {"script":"return (function isElementDisplayed(element) {\n    function nodeIsElement(node) {\n        if (!node) {\n            return false;\n        }\n        switch (node.nodeType) {\n            case Node.ELEMEN ... (7763 more bytes)","args":[{"element-6066-11e4-a52e-4f735466cecf":"f36da170-7097-4d4e-9b64-524155092fa8","ELEMENT":"f36da170-7097-4d4e-9b64-524155092fa8"}]}
COMMAND: POST /session/cd2890ae22892efecc4faec6cba52f10/execute/sync - {"script":"return (function isElementClickable(elem) {\n    if (!elem.getBoundingClientRect || !elem.scrollIntoView || !elem.contains || !elem.getClientRects || !document.elementFromPoint) {\n        return false; ... (5149 more bytes)","args":[{"element-6066-11e4-a52e-4f735466cecf":"f36da170-7097-4d4e-9b64-524155092fa8","ELEMENT":"f36da170-7097-4d4e-9b64-524155092fa8"}]}
RESULT: {"script":"return (function isElementClickable(elem) {\n    if (!elem.getBoundingClientRect || !elem.scrollIntoView || !elem.contains || !elem.getClientRects || !document.elementFromPoint) {\n        return false; ... (5149 more bytes)","args":[{"element-6066-11e4-a52e-4f735466cecf":"f36da170-7097-4d4e-9b64-524155092fa8","ELEMENT":"f36da170-7097-4d4e-9b64-524155092fa8"}]}
COMMAND: POST /session/cd2890ae22892efecc4faec6cba52f10/element/f36da170-7097-4d4e-9b64-524155092fa8/click - {}
RESULT: {}
COMMAND: POST /session/cd2890ae22892efecc4faec6cba52f10/execute/sync - {"script":"return (function isElementDisplayed(element) {\n    function nodeIsElement(node) {\n        if (!node) {\n            return false;\n        }\n        switch (node.nodeType) {\n            case Node.ELEMEN ... (7763 more bytes)","args":[{"element-6066-11e4-a52e-4f735466cecf":"d4c31d74-ce27-41fc-ac9e-5528b7e48453","ELEMENT":"d4c31d74-ce27-41fc-ac9e-5528b7e48453"}]}
RESULT: {"script":"return (function isElementDisplayed(element) {\n    function nodeIsElement(node) {\n        if (!node) {\n            return false;\n        }\n        switch (node.nodeType) {\n            case Node.ELEMEN ... (7763 more bytes)","args":[{"element-6066-11e4-a52e-4f735466cecf":"d4c31d74-ce27-41fc-ac9e-5528b7e48453","ELEMENT":"d4c31d74-ce27-41fc-ac9e-5528b7e48453"}]}
COMMAND: POST /session/cd2890ae22892efecc4faec6cba52f10/execute/sync - {"script":"return (function isElementClickable(elem) {\n    if (!elem.getBoundingClientRect || !elem.scrollIntoView || !elem.contains || !elem.getClientRects || !document.elementFromPoint) {\n        return false; ... (5149 more bytes)","args":[{"element-6066-11e4-a52e-4f735466cecf":"d4c31d74-ce27-41fc-ac9e-5528b7e48453","ELEMENT":"d4c31d74-ce27-41fc-ac9e-5528b7e48453"}]}
RESULT: {"script":"return (function isElementClickable(elem) {\n    if (!elem.getBoundingClientRect || !elem.scrollIntoView || !elem.contains || !elem.getClientRects || !document.elementFromPoint) {\n        return false; ... (5149 more bytes)","args":[{"element-6066-11e4-a52e-4f735466cecf":"d4c31d74-ce27-41fc-ac9e-5528b7e48453","ELEMENT":"d4c31d74-ce27-41fc-ac9e-5528b7e48453"}]}
COMMAND: POST /session/cd2890ae22892efecc4faec6cba52f10/element/d4c31d74-ce27-41fc-ac9e-5528b7e48453/click - {}
RESULT: {}
COMMAND: POST /session/cd2890ae22892efecc4faec6cba52f10/element/d4c31d74-ce27-41fc-ac9e-5528b7e48453/clear - {}
RESULT: {}
COMMAND: POST /session/cd2890ae22892efecc4faec6cba52f10/element/d4c31d74-ce27-41fc-ac9e-5528b7e48453/value - {"text":"Mister Twister"}
RESULT: {"text":"Mister Twister"}
COMMAND: POST /session/cd2890ae22892efecc4faec6cba52f10/execute/sync - {"script":"return (function isElementDisplayed(element) {\n    function nodeIsElement(node) {\n        if (!node) {\n            return false;\n        }\n        switch (node.nodeType) {\n            case Node.ELEMEN ... (7763 more bytes)","args":[{"element-6066-11e4-a52e-4f735466cecf":"6a8ae67a-04e5-4e2a-b750-f44397005156","ELEMENT":"6a8ae67a-04e5-4e2a-b750-f44397005156"}]}
RESULT: {"script":"return (function isElementDisplayed(element) {\n    function nodeIsElement(node) {\n        if (!node) {\n            return false;\n        }\n        switch (node.nodeType) {\n            case Node.ELEMEN ... (7763 more bytes)","args":[{"element-6066-11e4-a52e-4f735466cecf":"6a8ae67a-04e5-4e2a-b750-f44397005156","ELEMENT":"6a8ae67a-04e5-4e2a-b750-f44397005156"}]}
COMMAND: POST /session/cd2890ae22892efecc4faec6cba52f10/execute/sync - {"script":"return (function isElementClickable(elem) {\n    if (!elem.getBoundingClientRect || !elem.scrollIntoView || !elem.contains || !elem.getClientRects || !document.elementFromPoint) {\n        return false; ... (5149 more bytes)","args":[{"element-6066-11e4-a52e-4f735466cecf":"6a8ae67a-04e5-4e2a-b750-f44397005156","ELEMENT":"6a8ae67a-04e5-4e2a-b750-f44397005156"}]}
RESULT: {"script":"return (function isElementClickable(elem) {\n    if (!elem.getBoundingClientRect || !elem.scrollIntoView || !elem.contains || !elem.getClientRects || !document.elementFromPoint) {\n        return false; ... (5149 more bytes)","args":[{"element-6066-11e4-a52e-4f735466cecf":"6a8ae67a-04e5-4e2a-b750-f44397005156","ELEMENT":"6a8ae67a-04e5-4e2a-b750-f44397005156"}]}
COMMAND: POST /session/cd2890ae22892efecc4faec6cba52f10/element/6a8ae67a-04e5-4e2a-b750-f44397005156/click - {}
RESULT: {}
COMMAND: POST /session/cd2890ae22892efecc4faec6cba52f10/element/6a8ae67a-04e5-4e2a-b750-f44397005156/clear - {}
RESULT: {}
COMMAND: POST /session/cd2890ae22892efecc4faec6cba52f10/element/6a8ae67a-04e5-4e2a-b750-f44397005156/value - {"text":"(333) 333-3333"}
RESULT: {"text":"(333) 333-3333"}
COMMAND: POST /session/cd2890ae22892efecc4faec6cba52f10/element/6e92bb2e-8ada-4e60-8c28-54964111a2f1/clear - {}
RESULT: {}
COMMAND: POST /session/cd2890ae22892efecc4faec6cba52f10/element/6e92bb2e-8ada-4e60-8c28-54964111a2f1/value - {"text":"mister@twister.com"}
RESULT: {"text":"mister@twister.com"}
COMMAND: POST /session/cd2890ae22892efecc4faec6cba52f10/execute/sync - {"script":"return (function isElementDisplayed(element) {\n    function nodeIsElement(node) {\n        if (!node) {\n            return false;\n        }\n        switch (node.nodeType) {\n            case Node.ELEMEN ... (7763 more bytes)","args":[{"element-6066-11e4-a52e-4f735466cecf":"342d8774-6104-41a1-837c-834ce0b0ed07","ELEMENT":"342d8774-6104-41a1-837c-834ce0b0ed07"}]}
RESULT: {"script":"return (function isElementDisplayed(element) {\n    function nodeIsElement(node) {\n        if (!node) {\n            return false;\n        }\n        switch (node.nodeType) {\n            case Node.ELEMEN ... (7763 more bytes)","args":[{"element-6066-11e4-a52e-4f735466cecf":"342d8774-6104-41a1-837c-834ce0b0ed07","ELEMENT":"342d8774-6104-41a1-837c-834ce0b0ed07"}]}
COMMAND: POST /session/cd2890ae22892efecc4faec6cba52f10/execute/sync - {"script":"return (function isElementClickable(elem) {\n    if (!elem.getBoundingClientRect || !elem.scrollIntoView || !elem.contains || !elem.getClientRects || !document.elementFromPoint) {\n        return false; ... (5149 more bytes)","args":[{"element-6066-11e4-a52e-4f735466cecf":"342d8774-6104-41a1-837c-834ce0b0ed07","ELEMENT":"342d8774-6104-41a1-837c-834ce0b0ed07"}]}
RESULT: {"script":"return (function isElementClickable(elem) {\n    if (!elem.getBoundingClientRect || !elem.scrollIntoView || !elem.contains || !elem.getClientRects || !document.elementFromPoint) {\n        return false; ... (5149 more bytes)","args":[{"element-6066-11e4-a52e-4f735466cecf":"342d8774-6104-41a1-837c-834ce0b0ed07","ELEMENT":"342d8774-6104-41a1-837c-834ce0b0ed07"}]}
COMMAND: POST /session/cd2890ae22892efecc4faec6cba52f10/element/342d8774-6104-41a1-837c-834ce0b0ed07/click - {}
RESULT: {}
COMMAND: POST /session/cd2890ae22892efecc4faec6cba52f10/element - {"using":"xpath","value":"//span[text()='Mister Twister']"}
RESULT: {"using":"xpath","value":"//span[text()='Mister Twister']"}
COMMAND: POST /session/cd2890ae22892efecc4faec6cba52f10/execute/sync - {"script":"return (function isElementDisplayed(element) {\n    function nodeIsElement(node) {\n        if (!node) {\n            return false;\n        }\n        switch (node.nodeType) {\n            case Node.ELEMEN ... (7763 more bytes)","args":[{"element-6066-11e4-a52e-4f735466cecf":"034b2528-72db-4bbf-8665-53109b498ffc","ELEMENT":"034b2528-72db-4bbf-8665-53109b498ffc"}]}
]]></system-out>
    </testcase>
  </testsuite>
  <testsuite name="Calendar appointment test" timestamp="2023-01-04T09:18:28" time="1.161" tests="1" failures="1" errors="1" skipped="0">
    <properties>
      <property name="specId" value="0"/>
      <property name="suiteName" value="Calendar appointment test"/>
      <property name="capabilities" value="chrome.108_0_5359_125.windows"/>
      <property name="file" value=".\test\specs\test.spec.js"/>
    </properties>
    <testcase classname="chrome.108_0_5359_125.windows.Calendar_appointment_test" name="add appointment" time="1.156">
      <failure/>
      <error message="symptomField is not defined"/>
      <system-out><![CDATA[
COMMAND: POST /session/cd2890ae22892efecc4faec6cba52f10/url - {"url":"https://ej2.syncfusion.com/showcase/angular/appointmentplanner/#/calendar"}
RESULT: {"script":"return (function isElementDisplayed(element) {\n    function nodeIsElement(node) {\n        if (!node) {\n            return false;\n        }\n        switch (node.nodeType) {\n            case Node.ELEMEN ... (7763 more bytes)","args":[{"element-6066-11e4-a52e-4f735466cecf":"034b2528-72db-4bbf-8665-53109b498ffc","ELEMENT":"034b2528-72db-4bbf-8665-53109b498ffc"}]}
COMMAND: POST /session/cd2890ae22892efecc4faec6cba52f10/execute/sync - {"script":"return (function isElementClickable(elem) {\n    if (!elem.getBoundingClientRect || !elem.scrollIntoView || !elem.contains || !elem.getClientRects || !document.elementFromPoint) {\n        return false; ... (5149 more bytes)","args":[{"element-6066-11e4-a52e-4f735466cecf":"034b2528-72db-4bbf-8665-53109b498ffc","ELEMENT":"034b2528-72db-4bbf-8665-53109b498ffc"}]}
RESULT: {"url":"https://ej2.syncfusion.com/showcase/angular/appointmentplanner/#/calendar"}
COMMAND: POST /session/cd2890ae22892efecc4faec6cba52f10/element - {"using":"css selector","value":"[data-date=\"1596340800000\"]"}
COMMAND: POST /session/cd2890ae22892efecc4faec6cba52f10/element - {"using":"xpath","value":"//span[text()='Mister Twister']"}
RESULT: {"using":"css selector","value":"[data-date=\"1596340800000\"]"}
COMMAND: POST /session/cd2890ae22892efecc4faec6cba52f10/element - {"using":"xpath","value":"//input[@id='PatientName']"}
RESULT: {"using":"xpath","value":"//span[text()='Mister Twister']"}
COMMAND: POST /session/cd2890ae22892efecc4faec6cba52f10/element - {"using":"xpath","value":"//span[text()='Mister Twister']"}
RESULT: {"using":"xpath","value":"//input[@id='PatientName']"}
COMMAND: POST /session/cd2890ae22892efecc4faec6cba52f10/element - {"using":"css selector","value":".e-event-save"}
RESULT: {"using":"xpath","value":"//span[text()='Mister Twister']"}
RESULT: {"using":"css selector","value":".e-event-save"}
COMMAND: POST /session/cd2890ae22892efecc4faec6cba52f10/actions - {"actions":[{"type":"pointer","id":"pointer1","parameters":{"pointerType":"mouse"},"actions":[{"type":"pointerMove","origin":{"sessionId":"cd2890ae22892efecc4faec6cba52f10","elementId":"9d047244-5ed9-4ab8-9640-db7a46df8616","element-6066-11e4-a52e-4f735466cecf":"9d047244-5ed9-4ab8-9640-db7a46df8616","selector":"[data-date=\"1596340800000\"]","parent":{"capabilities":{"acceptInsecureCerts":true,"browserName":"chrome","browserVersion":"108.0.5359.125","chrome":{"chromedriverVersion":"107.0.5304.62 (1eec40d3a5764881c92085aaee66d25075c159aa-refs/branch-heads/5304@{#942})","userDataDir":"C:\\Users\\STANIS~1\\AppData\\Local\\Temp\\scoped_dir36464_1085224878"},"goog:chromeOptions":{"debuggerAddress":"localhost:53012"},"networkConnectionEnabled":false,"pageLoadStrategy":"normal","platformName":"windows","proxy":{},"setWindowRect":true,"_":"6 more keys: [\"strictFileInteractability\",\"timeouts\",\"unhandledPromptBehavior\",\"webauthn:extension:credBlob\",\"webauthn:extension:largeBlob\",\"webauthn:virtualAuthenticators\"]"},"config":{"specs":["./test/specs/**/*.js"],"suites":{},"exclude":[],"logLevel":"error","logLevels":{},"excludeDriverLogs":[],"bail":0,"waitforInterval":500,"waitforTimeout":10000,"framework":"mocha","_":"48 more keys: [\"reporters\",\"services\",\"maxInstances\",\"maxInstancesPerCapability\",\"filesToWatch\",\"connectionRetryTimeout\",\"connectionRetryCount\",\"execArgv\",\"runnerEnv\",\"runner\",\"specFileRetries\",\"specFileRetriesDelay\",\"specFileRetriesDeferred\",\"reporterSyncInterval\",\"reporterSyncTimeout\",\"cucumberFeaturesWithLineNumbers\",\"autoCompileOpts\",\"mochaOpts\",\"jasmineOpts\",\"cucumberOpts\",\"onPrepare\",\"onWorkerStart\",\"onWorkerEnd\",\"before\",\"beforeSession\",\"beforeSuite\",\"beforeHook\",\"beforeTest\",\"beforeCommand\",\"afterCommand\",\"afterTest\",\"afterHook\",\"afterSuite\",\"afterSession\",\"after\",\"onComplete\",\"onReload\",\"beforeFeature\",\"beforeScenario\",\"beforeStep\",\"afterStep\",\"afterScenario\",\"afterFeature\",\"baseUrl\",\"_\",\"$0\",\"config-path\",\"ignoredWorkerServices\"]"}},"isReactElement":false},"x":0,"y":0},{"type":"pointerDown","button":0},{"type":"pointerUp","button":0},{"type":"pause","duration":10},{"type":"pointerDown","button":0},{"type":"pointerUp","button":0}]}]}
RESULT: {"actions":[{"type":"pointer","id":"pointer1","parameters":{"pointerType":"mouse"},"actions":[{"type":"pointerMove","origin":{"sessionId":"cd2890ae22892efecc4faec6cba52f10","elementId":"9d047244-5ed9-4ab8-9640-db7a46df8616","element-6066-11e4-a52e-4f735466cecf":"9d047244-5ed9-4ab8-9640-db7a46df8616","selector":"[data-date=\"1596340800000\"]","parent":{"capabilities":{"acceptInsecureCerts":true,"browserName":"chrome","browserVersion":"108.0.5359.125","chrome":{"chromedriverVersion":"107.0.5304.62 (1eec40d3a5764881c92085aaee66d25075c159aa-refs/branch-heads/5304@{#942})","userDataDir":"C:\\Users\\STANIS~1\\AppData\\Local\\Temp\\scoped_dir36464_1085224878"},"goog:chromeOptions":{"debuggerAddress":"localhost:53012"},"networkConnectionEnabled":false,"pageLoadStrategy":"normal","platformName":"windows","proxy":{},"setWindowRect":true,"_":"6 more keys: [\"strictFileInteractability\",\"timeouts\",\"unhandledPromptBehavior\",\"webauthn:extension:credBlob\",\"webauthn:extension:largeBlob\",\"webauthn:virtualAuthenticators\"]"},"config":{"specs":["./test/specs/**/*.js"],"suites":{},"exclude":[],"logLevel":"error","logLevels":{},"excludeDriverLogs":[],"bail":0,"waitforInterval":500,"waitforTimeout":10000,"framework":"mocha","_":"48 more keys: [\"reporters\",\"services\",\"maxInstances\",\"maxInstancesPerCapability\",\"filesToWatch\",\"connectionRetryTimeout\",\"connectionRetryCount\",\"execArgv\",\"runnerEnv\",\"runner\",\"specFileRetries\",\"specFileRetriesDelay\",\"specFileRetriesDeferred\",\"reporterSyncInterval\",\"reporterSyncTimeout\",\"cucumberFeaturesWithLineNumbers\",\"autoCompileOpts\",\"mochaOpts\",\"jasmineOpts\",\"cucumberOpts\",\"onPrepare\",\"onWorkerStart\",\"onWorkerEnd\",\"before\",\"beforeSession\",\"beforeSuite\",\"beforeHook\",\"beforeTest\",\"beforeCommand\",\"afterCommand\",\"afterTest\",\"afterHook\",\"afterSuite\",\"afterSession\",\"after\",\"onComplete\",\"onReload\",\"beforeFeature\",\"beforeScenario\",\"beforeStep\",\"afterStep\",\"afterScenario\",\"afterFeature\",\"baseUrl\",\"_\",\"$0\",\"config-path\",\"ignoredWorkerServices\"]"}},"isReactElement":false},"x":0,"y":0},{"type":"pointerDown","button":0},{"type":"pointerUp","button":0},{"type":"pause","duration":10},{"type":"pointerDown","button":0},{"type":"pointerUp","button":0}]}]}
COMMAND: POST /session/cd2890ae22892efecc4faec6cba52f10/elements - {"using":"xpath","value":"//input[@id='PatientName']"}
RESULT: {"using":"xpath","value":"//input[@id='PatientName']"}
COMMAND: POST /session/cd2890ae22892efecc4faec6cba52f10/element - {"using":"xpath","value":"//input[@id='PatientName']"}
RESULT: {"using":"xpath","value":"//input[@id='PatientName']"}
COMMAND: POST /session/cd2890ae22892efecc4faec6cba52f10/element/30941ce0-8892-484e-a64a-68210d48dd36/clear - {}
RESULT: {}
COMMAND: POST /session/cd2890ae22892efecc4faec6cba52f10/element/30941ce0-8892-484e-a64a-68210d48dd36/value - {"text":"Milka"}
RESULT: {"text":"Milka"}
COMMAND: GET /session/cd2890ae22892efecc4faec6cba52f10/screenshot - {}
COMMAND: POST /session/cd2890ae22892efecc4faec6cba52f10/element - {"using":"xpath","value":"//span[text()='Mister Twister']"}
RESULT: {}
RESULT: {"using":"xpath","value":"//span[text()='Mister Twister']"}
]]></system-out>
      <system-err><![CDATA[
ReferenceError: symptomField is not defined
    at Context.<anonymous> (C:\Users\Stanislav_Sukharev\Desktop\JSAMP\js-atm-program\test\specs\test.spec.js:52:5)
    at process.processTicksAndRejections (node:internal/process/task_queues:95:5)
]]></system-err>
    </testcase>
  </testsuite>
  <testsuite name="Doctors test" timestamp="2023-01-04T09:18:29" time="0.568" tests="1" failures="0" errors="0" skipped="0">
    <properties>
      <property name="specId" value="0"/>
      <property name="suiteName" value="Doctors test"/>
      <property name="capabilities" value="chrome.108_0_5359_125.windows"/>
      <property name="file" value=".\test\specs\test.spec.js"/>
    </properties>
    <testcase classname="chrome.108_0_5359_125.windows.Doctors_test" name="delete doctors entry" time="0.564">
      <system-out><![CDATA[
COMMAND: POST /session/cd2890ae22892efecc4faec6cba52f10/url - {"url":"https://ej2.syncfusion.com/showcase/angular/appointmentplanner/#/doctors"}
RESULT: {"url":"https://ej2.syncfusion.com/showcase/angular/appointmentplanner/#/doctors"}
COMMAND: POST /session/cd2890ae22892efecc4faec6cba52f10/element - {"using":"xpath","value":"//div[@id='Specialist_7']"}
RESULT: {"using":"xpath","value":"//div[@id='Specialist_7']"}
COMMAND: POST /session/cd2890ae22892efecc4faec6cba52f10/element - {"using":"xpath","value":"//button[text()='Delete']"}
RESULT: {"using":"xpath","value":"//button[text()='Delete']"}
COMMAND: POST /session/cd2890ae22892efecc4faec6cba52f10/element - {"using":"xpath","value":"//button[text()='Ok']"}
RESULT: {"using":"xpath","value":"//button[text()='Ok']"}
COMMAND: POST /session/cd2890ae22892efecc4faec6cba52f10/element - {"using":"xpath","value":"//span[text()='Doctors']"}
RESULT: {"using":"xpath","value":"//span[text()='Doctors']"}
COMMAND: POST /session/cd2890ae22892efecc4faec6cba52f10/execute/sync - {"script":"return (function isElementDisplayed(element) {\n    function nodeIsElement(node) {\n        if (!node) {\n            return false;\n        }\n        switch (node.nodeType) {\n            case Node.ELEMEN ... (7763 more bytes)","args":[{"element-6066-11e4-a52e-4f735466cecf":"bfce678a-238a-45d7-92d4-1900571ef2c0","ELEMENT":"bfce678a-238a-45d7-92d4-1900571ef2c0"}]}
RESULT: {"script":"return (function isElementDisplayed(element) {\n    function nodeIsElement(node) {\n        if (!node) {\n            return false;\n        }\n        switch (node.nodeType) {\n            case Node.ELEMEN ... (7763 more bytes)","args":[{"element-6066-11e4-a52e-4f735466cecf":"bfce678a-238a-45d7-92d4-1900571ef2c0","ELEMENT":"bfce678a-238a-45d7-92d4-1900571ef2c0"}]}
COMMAND: POST /session/cd2890ae22892efecc4faec6cba52f10/execute/sync - {"script":"return (function isElementClickable(elem) {\n    if (!elem.getBoundingClientRect || !elem.scrollIntoView || !elem.contains || !elem.getClientRects || !document.elementFromPoint) {\n        return false; ... (5149 more bytes)","args":[{"element-6066-11e4-a52e-4f735466cecf":"bfce678a-238a-45d7-92d4-1900571ef2c0","ELEMENT":"bfce678a-238a-45d7-92d4-1900571ef2c0"}]}
RESULT: {"script":"return (function isElementClickable(elem) {\n    if (!elem.getBoundingClientRect || !elem.scrollIntoView || !elem.contains || !elem.getClientRects || !document.elementFromPoint) {\n        return false; ... (5149 more bytes)","args":[{"element-6066-11e4-a52e-4f735466cecf":"bfce678a-238a-45d7-92d4-1900571ef2c0","ELEMENT":"bfce678a-238a-45d7-92d4-1900571ef2c0"}]}
COMMAND: POST /session/cd2890ae22892efecc4faec6cba52f10/element/bfce678a-238a-45d7-92d4-1900571ef2c0/click - {}
RESULT: {}
COMMAND: POST /session/cd2890ae22892efecc4faec6cba52f10/elements - {"using":"xpath","value":"//button[text()='Delete']"}
RESULT: {"using":"xpath","value":"//button[text()='Delete']"}
COMMAND: POST /session/cd2890ae22892efecc4faec6cba52f10/element - {"using":"xpath","value":"//button[text()='Delete']"}
RESULT: {"using":"xpath","value":"//button[text()='Delete']"}
COMMAND: POST /session/cd2890ae22892efecc4faec6cba52f10/execute/sync - {"script":"return (function isElementDisplayed(element) {\n    function nodeIsElement(node) {\n        if (!node) {\n            return false;\n        }\n        switch (node.nodeType) {\n            case Node.ELEMEN ... (7763 more bytes)","args":[{"element-6066-11e4-a52e-4f735466cecf":"71769cc6-a07d-4388-a847-49fac54ae702","ELEMENT":"71769cc6-a07d-4388-a847-49fac54ae702"}]}
RESULT: {"script":"return (function isElementDisplayed(element) {\n    function nodeIsElement(node) {\n        if (!node) {\n            return false;\n        }\n        switch (node.nodeType) {\n            case Node.ELEMEN ... (7763 more bytes)","args":[{"element-6066-11e4-a52e-4f735466cecf":"71769cc6-a07d-4388-a847-49fac54ae702","ELEMENT":"71769cc6-a07d-4388-a847-49fac54ae702"}]}
COMMAND: POST /session/cd2890ae22892efecc4faec6cba52f10/execute/sync - {"script":"return (function isElementClickable(elem) {\n    if (!elem.getBoundingClientRect || !elem.scrollIntoView || !elem.contains || !elem.getClientRects || !document.elementFromPoint) {\n        return false; ... (5149 more bytes)","args":[{"element-6066-11e4-a52e-4f735466cecf":"71769cc6-a07d-4388-a847-49fac54ae702","ELEMENT":"71769cc6-a07d-4388-a847-49fac54ae702"}]}
RESULT: {"script":"return (function isElementClickable(elem) {\n    if (!elem.getBoundingClientRect || !elem.scrollIntoView || !elem.contains || !elem.getClientRects || !document.elementFromPoint) {\n        return false; ... (5149 more bytes)","args":[{"element-6066-11e4-a52e-4f735466cecf":"71769cc6-a07d-4388-a847-49fac54ae702","ELEMENT":"71769cc6-a07d-4388-a847-49fac54ae702"}]}
COMMAND: POST /session/cd2890ae22892efecc4faec6cba52f10/element/71769cc6-a07d-4388-a847-49fac54ae702/click - {}
RESULT: {}
COMMAND: POST /session/cd2890ae22892efecc4faec6cba52f10/elements - {"using":"xpath","value":"//button[text()='Ok']"}
RESULT: {"using":"xpath","value":"//button[text()='Ok']"}
COMMAND: POST /session/cd2890ae22892efecc4faec6cba52f10/element - {"using":"xpath","value":"//button[text()='Ok']"}
RESULT: {"using":"xpath","value":"//button[text()='Ok']"}
COMMAND: POST /session/cd2890ae22892efecc4faec6cba52f10/execute/sync - {"script":"return (function isElementDisplayed(element) {\n    function nodeIsElement(node) {\n        if (!node) {\n            return false;\n        }\n        switch (node.nodeType) {\n            case Node.ELEMEN ... (7763 more bytes)","args":[{"element-6066-11e4-a52e-4f735466cecf":"c2be8abb-be8f-4ea6-b3e9-c29421f763ea","ELEMENT":"c2be8abb-be8f-4ea6-b3e9-c29421f763ea"}]}
RESULT: {"script":"return (function isElementDisplayed(element) {\n    function nodeIsElement(node) {\n        if (!node) {\n            return false;\n        }\n        switch (node.nodeType) {\n            case Node.ELEMEN ... (7763 more bytes)","args":[{"element-6066-11e4-a52e-4f735466cecf":"c2be8abb-be8f-4ea6-b3e9-c29421f763ea","ELEMENT":"c2be8abb-be8f-4ea6-b3e9-c29421f763ea"}]}
COMMAND: POST /session/cd2890ae22892efecc4faec6cba52f10/execute/sync - {"script":"return (function isElementClickable(elem) {\n    if (!elem.getBoundingClientRect || !elem.scrollIntoView || !elem.contains || !elem.getClientRects || !document.elementFromPoint) {\n        return false; ... (5149 more bytes)","args":[{"element-6066-11e4-a52e-4f735466cecf":"c2be8abb-be8f-4ea6-b3e9-c29421f763ea","ELEMENT":"c2be8abb-be8f-4ea6-b3e9-c29421f763ea"}]}
RESULT: {"script":"return (function isElementClickable(elem) {\n    if (!elem.getBoundingClientRect || !elem.scrollIntoView || !elem.contains || !elem.getClientRects || !document.elementFromPoint) {\n        return false; ... (5149 more bytes)","args":[{"element-6066-11e4-a52e-4f735466cecf":"c2be8abb-be8f-4ea6-b3e9-c29421f763ea","ELEMENT":"c2be8abb-be8f-4ea6-b3e9-c29421f763ea"}]}
COMMAND: POST /session/cd2890ae22892efecc4faec6cba52f10/element/c2be8abb-be8f-4ea6-b3e9-c29421f763ea/click - {}
RESULT: {}
COMMAND: POST /session/cd2890ae22892efecc4faec6cba52f10/execute/sync - {"script":"return (function isElementDisplayed(element) {\n    function nodeIsElement(node) {\n        if (!node) {\n            return false;\n        }\n        switch (node.nodeType) {\n            case Node.ELEMEN ... (7763 more bytes)","args":[{"element-6066-11e4-a52e-4f735466cecf":"24e5dd4f-1005-4eca-829d-670446ff8c16","ELEMENT":"24e5dd4f-1005-4eca-829d-670446ff8c16"}]}
RESULT: {"script":"return (function isElementDisplayed(element) {\n    function nodeIsElement(node) {\n        if (!node) {\n            return false;\n        }\n        switch (node.nodeType) {\n            case Node.ELEMEN ... (7763 more bytes)","args":[{"element-6066-11e4-a52e-4f735466cecf":"24e5dd4f-1005-4eca-829d-670446ff8c16","ELEMENT":"24e5dd4f-1005-4eca-829d-670446ff8c16"}]}
COMMAND: POST /session/cd2890ae22892efecc4faec6cba52f10/execute/sync - {"script":"return (function isElementClickable(elem) {\n    if (!elem.getBoundingClientRect || !elem.scrollIntoView || !elem.contains || !elem.getClientRects || !document.elementFromPoint) {\n        return false; ... (5149 more bytes)","args":[{"element-6066-11e4-a52e-4f735466cecf":"24e5dd4f-1005-4eca-829d-670446ff8c16","ELEMENT":"24e5dd4f-1005-4eca-829d-670446ff8c16"}]}
RESULT: {"script":"return (function isElementClickable(elem) {\n    if (!elem.getBoundingClientRect || !elem.scrollIntoView || !elem.contains || !elem.getClientRects || !document.elementFromPoint) {\n        return false; ... (5149 more bytes)","args":[{"element-6066-11e4-a52e-4f735466cecf":"24e5dd4f-1005-4eca-829d-670446ff8c16","ELEMENT":"24e5dd4f-1005-4eca-829d-670446ff8c16"}]}
COMMAND: POST /session/cd2890ae22892efecc4faec6cba52f10/element/24e5dd4f-1005-4eca-829d-670446ff8c16/click - {}
COMMAND: POST /session/cd2890ae22892efecc4faec6cba52f10/element - {"using":"xpath","value":"//span[text()='Mister Twister']"}
RESULT: {}
COMMAND: POST /session/cd2890ae22892efecc4faec6cba52f10/element - {"using":"xpath","value":"//div[@id='Specialist_7']"}
RESULT: {"using":"xpath","value":"//span[text()='Mister Twister']"}
RESULT: {"using":"xpath","value":"//div[@id='Specialist_7']"}
COMMAND: POST /session/cd2890ae22892efecc4faec6cba52f10/element - {"using":"xpath","value":"//div[@id='Specialist_7']"}
]]></system-out>
    </testcase>
  </testsuite>
  <testsuite name="Basic commands doctors" timestamp="2023-01-04T09:18:30" time="0.981" tests="1" failures="0" errors="0" skipped="0">
    <properties>
      <property name="specId" value="0"/>
      <property name="suiteName" value="Basic commands doctors"/>
      <property name="capabilities" value="chrome.108_0_5359_125.windows"/>
      <property name="file" value=".\test\specs\test.spec.js"/>
    </properties>
    <testcase classname="chrome.108_0_5359_125.windows.Basic_commands_doctors" name="add new doctor" time="0.978">
      <system-out><![CDATA[
COMMAND: POST /session/cd2890ae22892efecc4faec6cba52f10/url - {"url":"https://ej2.syncfusion.com/showcase/angular/appointmentplanner/#/doctors"}
RESULT: {"using":"xpath","value":"//div[@id='Specialist_7']"}
RESULT: {"url":"https://ej2.syncfusion.com/showcase/angular/appointmentplanner/#/doctors"}
COMMAND: POST /session/cd2890ae22892efecc4faec6cba52f10/element - {"using":"xpath","value":"//button[text()='Add New Doctor']"}
RESULT: {"using":"xpath","value":"//button[text()='Add New Doctor']"}
COMMAND: POST /session/cd2890ae22892efecc4faec6cba52f10/element - {"using":"css selector","value":".new-doctor-dialog"}
RESULT: {"using":"css selector","value":".new-doctor-dialog"}
COMMAND: POST /session/cd2890ae22892efecc4faec6cba52f10/element - {"using":"xpath","value":"//input[@name='Name']"}
RESULT: {"using":"xpath","value":"//input[@name='Name']"}
COMMAND: POST /session/cd2890ae22892efecc4faec6cba52f10/element - {"using":"xpath","value":"//input[@id='DoctorMobile']"}
RESULT: {"using":"xpath","value":"//input[@id='DoctorMobile']"}
COMMAND: POST /session/cd2890ae22892efecc4faec6cba52f10/element - {"using":"xpath","value":"//input[@name='Email']"}
RESULT: {"using":"xpath","value":"//input[@name='Email']"}
COMMAND: POST /session/cd2890ae22892efecc4faec6cba52f10/element - {"using":"xpath","value":"//button[text()='Save']"}
RESULT: {"using":"xpath","value":"//button[text()='Save']"}
COMMAND: POST /session/cd2890ae22892efecc4faec6cba52f10/execute/sync - {"script":"return (function isElementDisplayed(element) {\n    function nodeIsElement(node) {\n        if (!node) {\n            return false;\n        }\n        switch (node.nodeType) {\n            case Node.ELEMEN ... (7763 more bytes)","args":[{"element-6066-11e4-a52e-4f735466cecf":"57dfdfee-0755-41b7-a759-5af2d1d75466","ELEMENT":"57dfdfee-0755-41b7-a759-5af2d1d75466"}]}
RESULT: {"script":"return (function isElementDisplayed(element) {\n    function nodeIsElement(node) {\n        if (!node) {\n            return false;\n        }\n        switch (node.nodeType) {\n            case Node.ELEMEN ... (7763 more bytes)","args":[{"element-6066-11e4-a52e-4f735466cecf":"57dfdfee-0755-41b7-a759-5af2d1d75466","ELEMENT":"57dfdfee-0755-41b7-a759-5af2d1d75466"}]}
COMMAND: POST /session/cd2890ae22892efecc4faec6cba52f10/execute/sync - {"script":"return (function isElementClickable(elem) {\n    if (!elem.getBoundingClientRect || !elem.scrollIntoView || !elem.contains || !elem.getClientRects || !document.elementFromPoint) {\n        return false; ... (5149 more bytes)","args":[{"element-6066-11e4-a52e-4f735466cecf":"57dfdfee-0755-41b7-a759-5af2d1d75466","ELEMENT":"57dfdfee-0755-41b7-a759-5af2d1d75466"}]}
RESULT: {"script":"return (function isElementClickable(elem) {\n    if (!elem.getBoundingClientRect || !elem.scrollIntoView || !elem.contains || !elem.getClientRects || !document.elementFromPoint) {\n        return false; ... (5149 more bytes)","args":[{"element-6066-11e4-a52e-4f735466cecf":"57dfdfee-0755-41b7-a759-5af2d1d75466","ELEMENT":"57dfdfee-0755-41b7-a759-5af2d1d75466"}]}
COMMAND: POST /session/cd2890ae22892efecc4faec6cba52f10/element/57dfdfee-0755-41b7-a759-5af2d1d75466/click - {}
COMMAND: POST /session/cd2890ae22892efecc4faec6cba52f10/element - {"using":"xpath","value":"//span[text()='Mister Twister']"}
RESULT: {}
COMMAND: POST /session/cd2890ae22892efecc4faec6cba52f10/execute/sync - {"script":"return (function isElementDisplayed(element) {\n    function nodeIsElement(node) {\n        if (!node) {\n            return false;\n        }\n        switch (node.nodeType) {\n            case Node.ELEMEN ... (7763 more bytes)","args":[{"element-6066-11e4-a52e-4f735466cecf":"eba35351-52de-43a7-9dc7-4a7bac16f4fb","ELEMENT":"eba35351-52de-43a7-9dc7-4a7bac16f4fb"}]}
RESULT: {"using":"xpath","value":"//span[text()='Mister Twister']"}
RESULT: {"script":"return (function isElementDisplayed(element) {\n    function nodeIsElement(node) {\n        if (!node) {\n            return false;\n        }\n        switch (node.nodeType) {\n            case Node.ELEMEN ... (7763 more bytes)","args":[{"element-6066-11e4-a52e-4f735466cecf":"eba35351-52de-43a7-9dc7-4a7bac16f4fb","ELEMENT":"eba35351-52de-43a7-9dc7-4a7bac16f4fb"}]}
COMMAND: POST /session/cd2890ae22892efecc4faec6cba52f10/element/9d213f6c-2211-42d2-8642-26b3e76346bf/clear - {}
RESULT: {}
COMMAND: POST /session/cd2890ae22892efecc4faec6cba52f10/element/9d213f6c-2211-42d2-8642-26b3e76346bf/value - {"text":"Wednesday Addams"}
RESULT: {"text":"Wednesday Addams"}
COMMAND: POST /session/cd2890ae22892efecc4faec6cba52f10/element/24d5d10b-9d37-4c88-aa28-eb60679df92a/clear - {}
RESULT: {}
COMMAND: POST /session/cd2890ae22892efecc4faec6cba52f10/element/24d5d10b-9d37-4c88-aa28-eb60679df92a/value - {"text":"(666) 666-6666"}
RESULT: {"text":"(666) 666-6666"}
COMMAND: POST /session/cd2890ae22892efecc4faec6cba52f10/element/b23b0a8e-9dc6-470b-bbe3-5f93632b5c01/clear - {}
RESULT: {}
COMMAND: POST /session/cd2890ae22892efecc4faec6cba52f10/element/b23b0a8e-9dc6-470b-bbe3-5f93632b5c01/value - {"text":"wednesday@addams.com"}
RESULT: {"text":"wednesday@addams.com"}
COMMAND: POST /session/cd2890ae22892efecc4faec6cba52f10/execute/sync - {"script":"return (function isElementDisplayed(element) {\n    function nodeIsElement(node) {\n        if (!node) {\n            return false;\n        }\n        switch (node.nodeType) {\n            case Node.ELEMEN ... (7763 more bytes)","args":[{"element-6066-11e4-a52e-4f735466cecf":"b860bdbb-3984-4f45-aea4-bfbe3564b837","ELEMENT":"b860bdbb-3984-4f45-aea4-bfbe3564b837"}]}
RESULT: {"script":"return (function isElementDisplayed(element) {\n    function nodeIsElement(node) {\n        if (!node) {\n            return false;\n        }\n        switch (node.nodeType) {\n            case Node.ELEMEN ... (7763 more bytes)","args":[{"element-6066-11e4-a52e-4f735466cecf":"b860bdbb-3984-4f45-aea4-bfbe3564b837","ELEMENT":"b860bdbb-3984-4f45-aea4-bfbe3564b837"}]}
COMMAND: POST /session/cd2890ae22892efecc4faec6cba52f10/execute/sync - {"script":"return (function isElementClickable(elem) {\n    if (!elem.getBoundingClientRect || !elem.scrollIntoView || !elem.contains || !elem.getClientRects || !document.elementFromPoint) {\n        return false; ... (5149 more bytes)","args":[{"element-6066-11e4-a52e-4f735466cecf":"b860bdbb-3984-4f45-aea4-bfbe3564b837","ELEMENT":"b860bdbb-3984-4f45-aea4-bfbe3564b837"}]}
RESULT: {"script":"return (function isElementClickable(elem) {\n    if (!elem.getBoundingClientRect || !elem.scrollIntoView || !elem.contains || !elem.getClientRects || !document.elementFromPoint) {\n        return false; ... (5149 more bytes)","args":[{"element-6066-11e4-a52e-4f735466cecf":"b860bdbb-3984-4f45-aea4-bfbe3564b837","ELEMENT":"b860bdbb-3984-4f45-aea4-bfbe3564b837"}]}
COMMAND: POST /session/cd2890ae22892efecc4faec6cba52f10/element/b860bdbb-3984-4f45-aea4-bfbe3564b837/click - {}
RESULT: {}
COMMAND: POST /session/cd2890ae22892efecc4faec6cba52f10/element - {"using":"xpath","value":"//div[@id='Specialist_8']"}
RESULT: {"using":"xpath","value":"//div[@id='Specialist_8']"}
COMMAND: POST /session/cd2890ae22892efecc4faec6cba52f10/elements - {"using":"xpath","value":"//div[@id='Specialist_8']"}
]]></system-out>
    </testcase>
  </testsuite>
  <testsuite name="Basic commands calendar" timestamp="2023-01-04T09:18:31" time="2.536" tests="2" failures="0" errors="0" skipped="0">
    <properties>
      <property name="specId" value="0"/>
      <property name="suiteName" value="Basic commands calendar"/>
      <property name="capabilities" value="chrome.108_0_5359_125.windows"/>
      <property name="file" value=".\test\specs\test.spec.js"/>
    </properties>
    <testcase classname="chrome.108_0_5359_125.windows.Basic_commands_calendar" name="delete appointment" time="0.903">
      <system-out><![CDATA[
COMMAND: POST /session/cd2890ae22892efecc4faec6cba52f10/url - {"url":"https://ej2.syncfusion.com/showcase/angular/appointmentplanner/#/calendar"}
RESULT: {"using":"xpath","value":"//div[@id='Specialist_8']"}
COMMAND: POST /session/cd2890ae22892efecc4faec6cba52f10/element - {"using":"xpath","value":"//span[text()='Mister Twister']"}
RESULT: {"url":"https://ej2.syncfusion.com/showcase/angular/appointmentplanner/#/calendar"}
COMMAND: POST /session/cd2890ae22892efecc4faec6cba52f10/element - {"using":"xpath","value":"//div[@data-id='Appointment_1002']"}
RESULT: {"using":"xpath","value":"//span[text()='Mister Twister']"}
RESULT: {"using":"xpath","value":"//div[@data-id='Appointment_1002']"}
COMMAND: POST /session/cd2890ae22892efecc4faec6cba52f10/element - {"using":"xpath","value":"//button[@title='Delete']"}
RESULT: {"using":"xpath","value":"//button[@title='Delete']"}
COMMAND: POST /session/cd2890ae22892efecc4faec6cba52f10/element - {"using":"xpath","value":"//button[@aria-label='Delete']"}
RESULT: {"using":"xpath","value":"//button[@aria-label='Delete']"}
COMMAND: POST /session/cd2890ae22892efecc4faec6cba52f10/execute/sync - {"script":"return (function isElementDisplayed(element) {\n    function nodeIsElement(node) {\n        if (!node) {\n            return false;\n        }\n        switch (node.nodeType) {\n            case Node.ELEMEN ... (7763 more bytes)","args":[{"element-6066-11e4-a52e-4f735466cecf":"701bd92d-5431-4a49-9898-fd1abdfdae5e","ELEMENT":"701bd92d-5431-4a49-9898-fd1abdfdae5e"}]}
RESULT: {"script":"return (function isElementDisplayed(element) {\n    function nodeIsElement(node) {\n        if (!node) {\n            return false;\n        }\n        switch (node.nodeType) {\n            case Node.ELEMEN ... (7763 more bytes)","args":[{"element-6066-11e4-a52e-4f735466cecf":"701bd92d-5431-4a49-9898-fd1abdfdae5e","ELEMENT":"701bd92d-5431-4a49-9898-fd1abdfdae5e"}]}
COMMAND: POST /session/cd2890ae22892efecc4faec6cba52f10/execute/sync - {"script":"return (function isElementClickable(elem) {\n    if (!elem.getBoundingClientRect || !elem.scrollIntoView || !elem.contains || !elem.getClientRects || !document.elementFromPoint) {\n        return false; ... (5149 more bytes)","args":[{"element-6066-11e4-a52e-4f735466cecf":"701bd92d-5431-4a49-9898-fd1abdfdae5e","ELEMENT":"701bd92d-5431-4a49-9898-fd1abdfdae5e"}]}
RESULT: {"script":"return (function isElementClickable(elem) {\n    if (!elem.getBoundingClientRect || !elem.scrollIntoView || !elem.contains || !elem.getClientRects || !document.elementFromPoint) {\n        return false; ... (5149 more bytes)","args":[{"element-6066-11e4-a52e-4f735466cecf":"701bd92d-5431-4a49-9898-fd1abdfdae5e","ELEMENT":"701bd92d-5431-4a49-9898-fd1abdfdae5e"}]}
COMMAND: POST /session/cd2890ae22892efecc4faec6cba52f10/element/701bd92d-5431-4a49-9898-fd1abdfdae5e/click - {}
COMMAND: POST /session/cd2890ae22892efecc4faec6cba52f10/elements - {"using":"xpath","value":"//div[@id='Specialist_8']"}
RESULT: {}
COMMAND: POST /session/cd2890ae22892efecc4faec6cba52f10/elements - {"using":"xpath","value":"//button[@title='Delete']"}
RESULT: {"using":"xpath","value":"//div[@id='Specialist_8']"}
RESULT: {"using":"xpath","value":"//button[@title='Delete']"}
COMMAND: POST /session/cd2890ae22892efecc4faec6cba52f10/element - {"using":"xpath","value":"//button[@title='Delete']"}
RESULT: {"using":"xpath","value":"//button[@title='Delete']"}
COMMAND: POST /session/cd2890ae22892efecc4faec6cba52f10/execute/sync - {"script":"return (function isElementDisplayed(element) {\n    function nodeIsElement(node) {\n        if (!node) {\n            return false;\n        }\n        switch (node.nodeType) {\n            case Node.ELEMEN ... (7763 more bytes)","args":[{"element-6066-11e4-a52e-4f735466cecf":"01fa9d3a-a99f-4832-ae16-9ce002d58bf3","ELEMENT":"01fa9d3a-a99f-4832-ae16-9ce002d58bf3"}]}
RESULT: {"script":"return (function isElementDisplayed(element) {\n    function nodeIsElement(node) {\n        if (!node) {\n            return false;\n        }\n        switch (node.nodeType) {\n            case Node.ELEMEN ... (7763 more bytes)","args":[{"element-6066-11e4-a52e-4f735466cecf":"01fa9d3a-a99f-4832-ae16-9ce002d58bf3","ELEMENT":"01fa9d3a-a99f-4832-ae16-9ce002d58bf3"}]}
COMMAND: POST /session/cd2890ae22892efecc4faec6cba52f10/execute/sync - {"script":"return (function isElementClickable(elem) {\n    if (!elem.getBoundingClientRect || !elem.scrollIntoView || !elem.contains || !elem.getClientRects || !document.elementFromPoint) {\n        return false; ... (5149 more bytes)","args":[{"element-6066-11e4-a52e-4f735466cecf":"01fa9d3a-a99f-4832-ae16-9ce002d58bf3","ELEMENT":"01fa9d3a-a99f-4832-ae16-9ce002d58bf3"}]}
RESULT: {"script":"return (function isElementClickable(elem) {\n    if (!elem.getBoundingClientRect || !elem.scrollIntoView || !elem.contains || !elem.getClientRects || !document.elementFromPoint) {\n        return false; ... (5149 more bytes)","args":[{"element-6066-11e4-a52e-4f735466cecf":"01fa9d3a-a99f-4832-ae16-9ce002d58bf3","ELEMENT":"01fa9d3a-a99f-4832-ae16-9ce002d58bf3"}]}
COMMAND: POST /session/cd2890ae22892efecc4faec6cba52f10/element/01fa9d3a-a99f-4832-ae16-9ce002d58bf3/click - {}
RESULT: {}
COMMAND: POST /session/cd2890ae22892efecc4faec6cba52f10/elements - {"using":"xpath","value":"//button[@aria-label='Delete']"}
RESULT: {"using":"xpath","value":"//button[@aria-label='Delete']"}
COMMAND: POST /session/cd2890ae22892efecc4faec6cba52f10/element - {"using":"xpath","value":"//button[@aria-label='Delete']"}
RESULT: {"using":"xpath","value":"//button[@aria-label='Delete']"}
COMMAND: POST /session/cd2890ae22892efecc4faec6cba52f10/execute/sync - {"script":"return (function isElementDisplayed(element) {\n    function nodeIsElement(node) {\n        if (!node) {\n            return false;\n        }\n        switch (node.nodeType) {\n            case Node.ELEMEN ... (7763 more bytes)","args":[{"element-6066-11e4-a52e-4f735466cecf":"707361ca-001c-45cf-b8b0-ec8e45e74bb9","ELEMENT":"707361ca-001c-45cf-b8b0-ec8e45e74bb9"}]}
RESULT: {"script":"return (function isElementDisplayed(element) {\n    function nodeIsElement(node) {\n        if (!node) {\n            return false;\n        }\n        switch (node.nodeType) {\n            case Node.ELEMEN ... (7763 more bytes)","args":[{"element-6066-11e4-a52e-4f735466cecf":"707361ca-001c-45cf-b8b0-ec8e45e74bb9","ELEMENT":"707361ca-001c-45cf-b8b0-ec8e45e74bb9"}]}
COMMAND: POST /session/cd2890ae22892efecc4faec6cba52f10/execute/sync - {"script":"return (function isElementClickable(elem) {\n    if (!elem.getBoundingClientRect || !elem.scrollIntoView || !elem.contains || !elem.getClientRects || !document.elementFromPoint) {\n        return false; ... (5149 more bytes)","args":[{"element-6066-11e4-a52e-4f735466cecf":"707361ca-001c-45cf-b8b0-ec8e45e74bb9","ELEMENT":"707361ca-001c-45cf-b8b0-ec8e45e74bb9"}]}
RESULT: {"script":"return (function isElementClickable(elem) {\n    if (!elem.getBoundingClientRect || !elem.scrollIntoView || !elem.contains || !elem.getClientRects || !document.elementFromPoint) {\n        return false; ... (5149 more bytes)","args":[{"element-6066-11e4-a52e-4f735466cecf":"707361ca-001c-45cf-b8b0-ec8e45e74bb9","ELEMENT":"707361ca-001c-45cf-b8b0-ec8e45e74bb9"}]}
COMMAND: POST /session/cd2890ae22892efecc4faec6cba52f10/element/707361ca-001c-45cf-b8b0-ec8e45e74bb9/click - {}
RESULT: {}
COMMAND: POST /session/cd2890ae22892efecc4faec6cba52f10/element - {"using":"xpath","value":"//div[@data-id='Appointment_1002']"}
RESULT: {"using":"xpath","value":"//div[@data-id='Appointment_1002']"}
COMMAND: POST /session/cd2890ae22892efecc4faec6cba52f10/elements - {"using":"xpath","value":"//div[@data-id='Appointment_1002']"}
]]></system-out>
    </testcase>
    <testcase classname="chrome.108_0_5359_125.windows.Basic_commands_calendar" name="add appointment" time="1.625">
      <system-out><![CDATA[
COMMAND: POST /session/cd2890ae22892efecc4faec6cba52f10/url - {"url":"https://ej2.syncfusion.com/showcase/angular/appointmentplanner/#/calendar"}
COMMAND: POST /session/cd2890ae22892efecc4faec6cba52f10/element - {"using":"xpath","value":"//span[text()='Mister Twister']"}
RESULT: {"using":"xpath","value":"//div[@data-id='Appointment_1002']"}
COMMAND: POST /session/cd2890ae22892efecc4faec6cba52f10/elements - {"using":"xpath","value":"//div[@id='Specialist_8']"}
COMMAND: POST /session/cd2890ae22892efecc4faec6cba52f10/elements - {"using":"xpath","value":"//div[@data-id='Appointment_1002']"}
RESULT: {"url":"https://ej2.syncfusion.com/showcase/angular/appointmentplanner/#/calendar"}
COMMAND: POST /session/cd2890ae22892efecc4faec6cba52f10/element - {"using":"css selector","value":"[data-date=\"1596686400000\"]"}
RESULT: {"using":"xpath","value":"//span[text()='Mister Twister']"}
RESULT: {"using":"xpath","value":"//div[@id='Specialist_8']"}
RESULT: {"using":"xpath","value":"//div[@data-id='Appointment_1002']"}
RESULT: {"using":"css selector","value":"[data-date=\"1596686400000\"]"}
COMMAND: POST /session/cd2890ae22892efecc4faec6cba52f10/element - {"using":"xpath","value":"//input[@id='PatientName']"}
RESULT: {"using":"xpath","value":"//input[@id='PatientName']"}
COMMAND: POST /session/cd2890ae22892efecc4faec6cba52f10/element - {"using":"xpath","value":"//textarea[@name='Symptoms']"}
RESULT: {"using":"xpath","value":"//textarea[@name='Symptoms']"}
COMMAND: POST /session/cd2890ae22892efecc4faec6cba52f10/element - {"using":"css selector","value":".e-event-save"}
RESULT: {"using":"css selector","value":".e-event-save"}
COMMAND: POST /session/cd2890ae22892efecc4faec6cba52f10/actions - {"actions":[{"type":"pointer","id":"pointer1","parameters":{"pointerType":"mouse"},"actions":[{"type":"pointerMove","origin":{"sessionId":"cd2890ae22892efecc4faec6cba52f10","elementId":"78535cd3-e880-42e0-ab40-cdeb60e886e4","element-6066-11e4-a52e-4f735466cecf":"78535cd3-e880-42e0-ab40-cdeb60e886e4","selector":"[data-date=\"1596686400000\"]","parent":{"capabilities":{"acceptInsecureCerts":true,"browserName":"chrome","browserVersion":"108.0.5359.125","chrome":{"chromedriverVersion":"107.0.5304.62 (1eec40d3a5764881c92085aaee66d25075c159aa-refs/branch-heads/5304@{#942})","userDataDir":"C:\\Users\\STANIS~1\\AppData\\Local\\Temp\\scoped_dir36464_1085224878"},"goog:chromeOptions":{"debuggerAddress":"localhost:53012"},"networkConnectionEnabled":false,"pageLoadStrategy":"normal","platformName":"windows","proxy":{},"setWindowRect":true,"_":"6 more keys: [\"strictFileInteractability\",\"timeouts\",\"unhandledPromptBehavior\",\"webauthn:extension:credBlob\",\"webauthn:extension:largeBlob\",\"webauthn:virtualAuthenticators\"]"},"config":{"specs":["./test/specs/**/*.js"],"suites":{},"exclude":[],"logLevel":"error","logLevels":{},"excludeDriverLogs":[],"bail":0,"waitforInterval":500,"waitforTimeout":10000,"framework":"mocha","_":"48 more keys: [\"reporters\",\"services\",\"maxInstances\",\"maxInstancesPerCapability\",\"filesToWatch\",\"connectionRetryTimeout\",\"connectionRetryCount\",\"execArgv\",\"runnerEnv\",\"runner\",\"specFileRetries\",\"specFileRetriesDelay\",\"specFileRetriesDeferred\",\"reporterSyncInterval\",\"reporterSyncTimeout\",\"cucumberFeaturesWithLineNumbers\",\"autoCompileOpts\",\"mochaOpts\",\"jasmineOpts\",\"cucumberOpts\",\"onPrepare\",\"onWorkerStart\",\"onWorkerEnd\",\"before\",\"beforeSession\",\"beforeSuite\",\"beforeHook\",\"beforeTest\",\"beforeCommand\",\"afterCommand\",\"afterTest\",\"afterHook\",\"afterSuite\",\"afterSession\",\"after\",\"onComplete\",\"onReload\",\"beforeFeature\",\"beforeScenario\",\"beforeStep\",\"afterStep\",\"afterScenario\",\"afterFeature\",\"baseUrl\",\"_\",\"$0\",\"config-path\",\"ignoredWorkerServices\"]"}},"isReactElement":false},"x":0,"y":0},{"type":"pointerDown","button":0},{"type":"pointerUp","button":0},{"type":"pause","duration":10},{"type":"pointerDown","button":0},{"type":"pointerUp","button":0}]}]}
RESULT: {"actions":[{"type":"pointer","id":"pointer1","parameters":{"pointerType":"mouse"},"actions":[{"type":"pointerMove","origin":{"sessionId":"cd2890ae22892efecc4faec6cba52f10","elementId":"78535cd3-e880-42e0-ab40-cdeb60e886e4","element-6066-11e4-a52e-4f735466cecf":"78535cd3-e880-42e0-ab40-cdeb60e886e4","selector":"[data-date=\"1596686400000\"]","parent":{"capabilities":{"acceptInsecureCerts":true,"browserName":"chrome","browserVersion":"108.0.5359.125","chrome":{"chromedriverVersion":"107.0.5304.62 (1eec40d3a5764881c92085aaee66d25075c159aa-refs/branch-heads/5304@{#942})","userDataDir":"C:\\Users\\STANIS~1\\AppData\\Local\\Temp\\scoped_dir36464_1085224878"},"goog:chromeOptions":{"debuggerAddress":"localhost:53012"},"networkConnectionEnabled":false,"pageLoadStrategy":"normal","platformName":"windows","proxy":{},"setWindowRect":true,"_":"6 more keys: [\"strictFileInteractability\",\"timeouts\",\"unhandledPromptBehavior\",\"webauthn:extension:credBlob\",\"webauthn:extension:largeBlob\",\"webauthn:virtualAuthenticators\"]"},"config":{"specs":["./test/specs/**/*.js"],"suites":{},"exclude":[],"logLevel":"error","logLevels":{},"excludeDriverLogs":[],"bail":0,"waitforInterval":500,"waitforTimeout":10000,"framework":"mocha","_":"48 more keys: [\"reporters\",\"services\",\"maxInstances\",\"maxInstancesPerCapability\",\"filesToWatch\",\"connectionRetryTimeout\",\"connectionRetryCount\",\"execArgv\",\"runnerEnv\",\"runner\",\"specFileRetries\",\"specFileRetriesDelay\",\"specFileRetriesDeferred\",\"reporterSyncInterval\",\"reporterSyncTimeout\",\"cucumberFeaturesWithLineNumbers\",\"autoCompileOpts\",\"mochaOpts\",\"jasmineOpts\",\"cucumberOpts\",\"onPrepare\",\"onWorkerStart\",\"onWorkerEnd\",\"before\",\"beforeSession\",\"beforeSuite\",\"beforeHook\",\"beforeTest\",\"beforeCommand\",\"afterCommand\",\"afterTest\",\"afterHook\",\"afterSuite\",\"afterSession\",\"after\",\"onComplete\",\"onReload\",\"beforeFeature\",\"beforeScenario\",\"beforeStep\",\"afterStep\",\"afterScenario\",\"afterFeature\",\"baseUrl\",\"_\",\"$0\",\"config-path\",\"ignoredWorkerServices\"]"}},"isReactElement":false},"x":0,"y":0},{"type":"pointerDown","button":0},{"type":"pointerUp","button":0},{"type":"pause","duration":10},{"type":"pointerDown","button":0},{"type":"pointerUp","button":0}]}]}
COMMAND: POST /session/cd2890ae22892efecc4faec6cba52f10/elements - {"using":"xpath","value":"//input[@id='PatientName']"}
RESULT: {"using":"xpath","value":"//input[@id='PatientName']"}
COMMAND: POST /session/cd2890ae22892efecc4faec6cba52f10/element - {"using":"xpath","value":"//input[@id='PatientName']"}
RESULT: {"using":"xpath","value":"//input[@id='PatientName']"}
COMMAND: POST /session/cd2890ae22892efecc4faec6cba52f10/element/18b50189-9648-4429-bd51-726fd0663704/clear - {}
RESULT: {}
COMMAND: POST /session/cd2890ae22892efecc4faec6cba52f10/element/18b50189-9648-4429-bd51-726fd0663704/value - {"text":"Adams"}
COMMAND: POST /session/cd2890ae22892efecc4faec6cba52f10/element - {"using":"xpath","value":"//span[text()='Mister Twister']"}
COMMAND: POST /session/cd2890ae22892efecc4faec6cba52f10/elements - {"using":"xpath","value":"//div[@id='Specialist_8']"}
RESULT: {"text":"Adams"}
COMMAND: POST /session/cd2890ae22892efecc4faec6cba52f10/element/ae6ae91f-f79d-46ee-ae3f-2bdbfd18666c/clear - {}
RESULT: {"using":"xpath","value":"//span[text()='Mister Twister']"}
RESULT: {"using":"xpath","value":"//div[@id='Specialist_8']"}
RESULT: {}
COMMAND: POST /session/cd2890ae22892efecc4faec6cba52f10/element/ae6ae91f-f79d-46ee-ae3f-2bdbfd18666c/value - {"text":"Schizophrenia"}
RESULT: {"text":"Schizophrenia"}
COMMAND: POST /session/cd2890ae22892efecc4faec6cba52f10/execute/sync - {"script":"return (function isElementDisplayed(element) {\n    function nodeIsElement(node) {\n        if (!node) {\n            return false;\n        }\n        switch (node.nodeType) {\n            case Node.ELEMEN ... (7763 more bytes)","args":[{"element-6066-11e4-a52e-4f735466cecf":"ec2e83b1-61b1-43f3-9cbf-b49081c694a6","ELEMENT":"ec2e83b1-61b1-43f3-9cbf-b49081c694a6"}]}
RESULT: {"script":"return (function isElementDisplayed(element) {\n    function nodeIsElement(node) {\n        if (!node) {\n            return false;\n        }\n        switch (node.nodeType) {\n            case Node.ELEMEN ... (7763 more bytes)","args":[{"element-6066-11e4-a52e-4f735466cecf":"ec2e83b1-61b1-43f3-9cbf-b49081c694a6","ELEMENT":"ec2e83b1-61b1-43f3-9cbf-b49081c694a6"}]}
COMMAND: POST /session/cd2890ae22892efecc4faec6cba52f10/execute/sync - {"script":"return (function isElementClickable(elem) {\n    if (!elem.getBoundingClientRect || !elem.scrollIntoView || !elem.contains || !elem.getClientRects || !document.elementFromPoint) {\n        return false; ... (5149 more bytes)","args":[{"element-6066-11e4-a52e-4f735466cecf":"ec2e83b1-61b1-43f3-9cbf-b49081c694a6","ELEMENT":"ec2e83b1-61b1-43f3-9cbf-b49081c694a6"}]}
RESULT: {"script":"return (function isElementClickable(elem) {\n    if (!elem.getBoundingClientRect || !elem.scrollIntoView || !elem.contains || !elem.getClientRects || !document.elementFromPoint) {\n        return false; ... (5149 more bytes)","args":[{"element-6066-11e4-a52e-4f735466cecf":"ec2e83b1-61b1-43f3-9cbf-b49081c694a6","ELEMENT":"ec2e83b1-61b1-43f3-9cbf-b49081c694a6"}]}
COMMAND: POST /session/cd2890ae22892efecc4faec6cba52f10/element/ec2e83b1-61b1-43f3-9cbf-b49081c694a6/click - {}
RESULT: {}
COMMAND: POST /session/cd2890ae22892efecc4faec6cba52f10/element - {"using":"xpath","value":"//div[@data-id='Appointment_1030']"}
RESULT: {"using":"xpath","value":"//div[@data-id='Appointment_1030']"}
COMMAND: POST /session/cd2890ae22892efecc4faec6cba52f10/elements - {"using":"xpath","value":"//div[@data-id='Appointment_1030']"}
]]></system-out>
    </testcase>
  </testsuite>
  <testsuite name="Basic commands patients" timestamp="2023-01-04T09:18:33" time="0.39" tests="1" failures="0" errors="0" skipped="0">
    <properties>
      <property name="specId" value="0"/>
      <property name="suiteName" value="Basic commands patients"/>
      <property name="capabilities" value="chrome.108_0_5359_125.windows"/>
      <property name="file" value=".\test\specs\test.spec.js"/>
    </properties>
    <testcase classname="chrome.108_0_5359_125.windows.Basic_commands_patients" name="search patient" time="0.386">
      <system-out><![CDATA[
COMMAND: POST /session/cd2890ae22892efecc4faec6cba52f10/url - {"url":"https://ej2.syncfusion.com/showcase/angular/appointmentplanner/#/patients"}
RESULT: {"using":"xpath","value":"//div[@data-id='Appointment_1030']"}
RESULT: {"url":"https://ej2.syncfusion.com/showcase/angular/appointmentplanner/#/patients"}
COMMAND: POST /session/cd2890ae22892efecc4faec6cba52f10/element - {"using":"xpath","value":"//input[@id='schedule_searchbar']"}
COMMAND: POST /session/cd2890ae22892efecc4faec6cba52f10/element - {"using":"xpath","value":"//span[text()='Mister Twister']"}
RESULT: {"using":"xpath","value":"//input[@id='schedule_searchbar']"}
COMMAND: POST /session/cd2890ae22892efecc4faec6cba52f10/element - {"using":"xpath","value":"//span[@id='schedule_searchbutton']"}
COMMAND: POST /session/cd2890ae22892efecc4faec6cba52f10/elements - {"using":"xpath","value":"//div[@id='Specialist_8']"}
RESULT: {"using":"xpath","value":"//span[text()='Mister Twister']"}
RESULT: {"using":"xpath","value":"//span[@id='schedule_searchbutton']"}
COMMAND: POST /session/cd2890ae22892efecc4faec6cba52f10/execute/sync - {"script":"return (function isElementDisplayed(element) {\n    function nodeIsElement(node) {\n        if (!node) {\n            return false;\n        }\n        switch (node.nodeType) {\n            case Node.ELEMEN ... (7763 more bytes)","args":[{"element-6066-11e4-a52e-4f735466cecf":"18fc89b3-f3cb-4dcb-a976-2fe44a0a5b3f","ELEMENT":"18fc89b3-f3cb-4dcb-a976-2fe44a0a5b3f"}]}
RESULT: {"using":"xpath","value":"//div[@id='Specialist_8']"}
RESULT: {"script":"return (function isElementDisplayed(element) {\n    function nodeIsElement(node) {\n        if (!node) {\n            return false;\n        }\n        switch (node.nodeType) {\n            case Node.ELEMEN ... (7763 more bytes)","args":[{"element-6066-11e4-a52e-4f735466cecf":"18fc89b3-f3cb-4dcb-a976-2fe44a0a5b3f","ELEMENT":"18fc89b3-f3cb-4dcb-a976-2fe44a0a5b3f"}]}
COMMAND: POST /session/cd2890ae22892efecc4faec6cba52f10/execute/sync - {"script":"return (function isElementClickable(elem) {\n    if (!elem.getBoundingClientRect || !elem.scrollIntoView || !elem.contains || !elem.getClientRects || !document.elementFromPoint) {\n        return false; ... (5149 more bytes)","args":[{"element-6066-11e4-a52e-4f735466cecf":"18fc89b3-f3cb-4dcb-a976-2fe44a0a5b3f","ELEMENT":"18fc89b3-f3cb-4dcb-a976-2fe44a0a5b3f"}]}
RESULT: {"script":"return (function isElementClickable(elem) {\n    if (!elem.getBoundingClientRect || !elem.scrollIntoView || !elem.contains || !elem.getClientRects || !document.elementFromPoint) {\n        return false; ... (5149 more bytes)","args":[{"element-6066-11e4-a52e-4f735466cecf":"18fc89b3-f3cb-4dcb-a976-2fe44a0a5b3f","ELEMENT":"18fc89b3-f3cb-4dcb-a976-2fe44a0a5b3f"}]}
COMMAND: POST /session/cd2890ae22892efecc4faec6cba52f10/element/18fc89b3-f3cb-4dcb-a976-2fe44a0a5b3f/click - {}
RESULT: {}
COMMAND: POST /session/cd2890ae22892efecc4faec6cba52f10/element/18fc89b3-f3cb-4dcb-a976-2fe44a0a5b3f/clear - {}
RESULT: {}
COMMAND: POST /session/cd2890ae22892efecc4faec6cba52f10/element/18fc89b3-f3cb-4dcb-a976-2fe44a0a5b3f/value - {"text":"Maud"}
RESULT: {"text":"Maud"}
COMMAND: POST /session/cd2890ae22892efecc4faec6cba52f10/element/18fc89b3-f3cb-4dcb-a976-2fe44a0a5b3f/value - {"text":" Oliver"}
RESULT: {"text":" Oliver"}
COMMAND: POST /session/cd2890ae22892efecc4faec6cba52f10/execute/sync - {"script":"return (function isElementDisplayed(element) {\n    function nodeIsElement(node) {\n        if (!node) {\n            return false;\n        }\n        switch (node.nodeType) {\n            case Node.ELEMEN ... (7763 more bytes)","args":[{"element-6066-11e4-a52e-4f735466cecf":"328a8818-6673-4dd0-9d63-5e7f18bca429","ELEMENT":"328a8818-6673-4dd0-9d63-5e7f18bca429"}]}
RESULT: {"script":"return (function isElementDisplayed(element) {\n    function nodeIsElement(node) {\n        if (!node) {\n            return false;\n        }\n        switch (node.nodeType) {\n            case Node.ELEMEN ... (7763 more bytes)","args":[{"element-6066-11e4-a52e-4f735466cecf":"328a8818-6673-4dd0-9d63-5e7f18bca429","ELEMENT":"328a8818-6673-4dd0-9d63-5e7f18bca429"}]}
COMMAND: POST /session/cd2890ae22892efecc4faec6cba52f10/execute/sync - {"script":"return (function isElementClickable(elem) {\n    if (!elem.getBoundingClientRect || !elem.scrollIntoView || !elem.contains || !elem.getClientRects || !document.elementFromPoint) {\n        return false; ... (5149 more bytes)","args":[{"element-6066-11e4-a52e-4f735466cecf":"328a8818-6673-4dd0-9d63-5e7f18bca429","ELEMENT":"328a8818-6673-4dd0-9d63-5e7f18bca429"}]}
RESULT: {"script":"return (function isElementClickable(elem) {\n    if (!elem.getBoundingClientRect || !elem.scrollIntoView || !elem.contains || !elem.getClientRects || !document.elementFromPoint) {\n        return false; ... (5149 more bytes)","args":[{"element-6066-11e4-a52e-4f735466cecf":"328a8818-6673-4dd0-9d63-5e7f18bca429","ELEMENT":"328a8818-6673-4dd0-9d63-5e7f18bca429"}]}
COMMAND: POST /session/cd2890ae22892efecc4faec6cba52f10/element/328a8818-6673-4dd0-9d63-5e7f18bca429/click - {}
RESULT: {}
COMMAND: POST /session/cd2890ae22892efecc4faec6cba52f10/element - {"using":"xpath","value":"//span[text()='Maud Oliver']"}
RESULT: {"using":"xpath","value":"//span[text()='Maud Oliver']"}
COMMAND: POST /session/cd2890ae22892efecc4faec6cba52f10/execute/sync - {"script":"return (function isElementDisplayed(element) {\n    function nodeIsElement(node) {\n        if (!node) {\n            return false;\n        }\n        switch (node.nodeType) {\n            case Node.ELEMEN ... (7763 more bytes)","args":[{"element-6066-11e4-a52e-4f735466cecf":"dcd3ad8f-3749-4b1b-9478-a5d1f18234c7","ELEMENT":"dcd3ad8f-3749-4b1b-9478-a5d1f18234c7"}]}
]]></system-out>
    </testcase>
  </testsuite>
  <testsuite name="execute" timestamp="2023-01-04T09:18:34" time="0.214" tests="1" failures="0" errors="0" skipped="0">
    <properties>
      <property name="specId" value="0"/>
      <property name="suiteName" value="execute"/>
      <property name="capabilities" value="chrome.108_0_5359_125.windows"/>
      <property name="file" value=".\test\specs\test.spec.js"/>
    </properties>
    <testcase classname="chrome.108_0_5359_125.windows.execute" name="execute" time="0.209">
      <system-out><![CDATA[
COMMAND: POST /session/cd2890ae22892efecc4faec6cba52f10/url - {"url":"https://ej2.syncfusion.com/showcase/angular/appointmentplanner/#/dashboard"}
RESULT: {"script":"return (function isElementDisplayed(element) {\n    function nodeIsElement(node) {\n        if (!node) {\n            return false;\n        }\n        switch (node.nodeType) {\n            case Node.ELEMEN ... (7763 more bytes)","args":[{"element-6066-11e4-a52e-4f735466cecf":"dcd3ad8f-3749-4b1b-9478-a5d1f18234c7","ELEMENT":"dcd3ad8f-3749-4b1b-9478-a5d1f18234c7"}]}
COMMAND: POST /session/cd2890ae22892efecc4faec6cba52f10/execute/sync - {"script":"return (function isElementClickable(elem) {\n    if (!elem.getBoundingClientRect || !elem.scrollIntoView || !elem.contains || !elem.getClientRects || !document.elementFromPoint) {\n        return false; ... (5149 more bytes)","args":[{"element-6066-11e4-a52e-4f735466cecf":"dcd3ad8f-3749-4b1b-9478-a5d1f18234c7","ELEMENT":"dcd3ad8f-3749-4b1b-9478-a5d1f18234c7"}]}
COMMAND: POST /session/cd2890ae22892efecc4faec6cba52f10/elements - {"using":"xpath","value":"//div[@data-id='Appointment_1030']"}
RESULT: {"url":"https://ej2.syncfusion.com/showcase/angular/appointmentplanner/#/dashboard"}
COMMAND: POST /session/cd2890ae22892efecc4faec6cba52f10/execute/sync - {"script":"return (function () {\r\n      const element = document.querySelector(\".clinic-name\");\r\n      element.style.color = \"indigo\";\r\n      element.style.border = \"orange solid 4px\";\r\n    }).apply(null, arguments)","args":[]}
COMMAND: POST /session/cd2890ae22892efecc4faec6cba52f10/element - {"using":"xpath","value":"//span[text()='Maud Oliver']"}
RESULT: {"using":"xpath","value":"//div[@data-id='Appointment_1030']"}
RESULT: {"script":"return (function () {\r\n      const element = document.querySelector(\".clinic-name\");\r\n      element.style.color = \"indigo\";\r\n      element.style.border = \"orange solid 4px\";\r\n    }).apply(null, arguments)","args":[]}
COMMAND: POST /session/cd2890ae22892efecc4faec6cba52f10/element - {"using":"xpath","value":"//h1[@style='color: indigo; border: 4px solid orange']"}
RESULT: {"using":"xpath","value":"//span[text()='Maud Oliver']"}
COMMAND: POST /session/cd2890ae22892efecc4faec6cba52f10/element - {"using":"xpath","value":"//span[text()='Maud Oliver']"}
RESULT: {"using":"xpath","value":"//h1[@style='color: indigo; border: 4px solid orange']"}
COMMAND: POST /session/cd2890ae22892efecc4faec6cba52f10/elements - {"using":"xpath","value":"//h1[@style='color: indigo; border: 4px solid orange']"}
]]></system-out>
    </testcase>
  </testsuite>
  <testsuite name="waitUntil" timestamp="2023-01-04T09:18:34" time="3.704" tests="1" failures="0" errors="0" skipped="0">
    <properties>
      <property name="specId" value="0"/>
      <property name="suiteName" value="waitUntil"/>
      <property name="capabilities" value="chrome.108_0_5359_125.windows"/>
      <property name="file" value=".\test\specs\test.spec.js"/>
    </properties>
    <testcase classname="chrome.108_0_5359_125.windows.waitUntil" name="waitUntil" time="3.701">
      <system-out><![CDATA[
COMMAND: POST /session/cd2890ae22892efecc4faec6cba52f10/url - {"url":"https://ej2.syncfusion.com/react/demos/progress-bar/semi-circular/"}
RESULT: {"using":"xpath","value":"//span[text()='Maud Oliver']"}
RESULT: {"using":"xpath","value":"//h1[@style='color: indigo; border: 4px solid orange']"}
COMMAND: POST /session/cd2890ae22892efecc4faec6cba52f10/element - {"using":"xpath","value":"//span[text()='Mister Twister']"}
COMMAND: POST /session/cd2890ae22892efecc4faec6cba52f10/elements - {"using":"xpath","value":"//div[@id='Specialist_8']"}
COMMAND: POST /session/cd2890ae22892efecc4faec6cba52f10/elements - {"using":"xpath","value":"//div[@data-id='Appointment_1030']"}
COMMAND: POST /session/cd2890ae22892efecc4faec6cba52f10/element - {"using":"xpath","value":"//span[text()='Maud Oliver']"}
COMMAND: POST /session/cd2890ae22892efecc4faec6cba52f10/elements - {"using":"xpath","value":"//h1[@style='color: indigo; border: 4px solid orange']"}
RESULT: {"url":"https://ej2.syncfusion.com/react/demos/progress-bar/semi-circular/"}
COMMAND: POST /session/cd2890ae22892efecc4faec6cba52f10/element - {"using":"css selector","value":"#reLoad"}
RESULT: {"using":"xpath","value":"//span[text()='Mister Twister']"}
RESULT: {"using":"xpath","value":"//div[@id='Specialist_8']"}
RESULT: {"using":"xpath","value":"//div[@data-id='Appointment_1030']"}
RESULT: {"using":"xpath","value":"//span[text()='Maud Oliver']"}
RESULT: {"using":"xpath","value":"//h1[@style='color: indigo; border: 4px solid orange']"}
RESULT: {"using":"css selector","value":"#reLoad"}
COMMAND: POST /session/cd2890ae22892efecc4faec6cba52f10/execute/sync - {"script":"return (function isElementDisplayed(element) {\n    function nodeIsElement(node) {\n        if (!node) {\n            return false;\n        }\n        switch (node.nodeType) {\n            case Node.ELEMEN ... (7763 more bytes)","args":[{"element-6066-11e4-a52e-4f735466cecf":"bcaec702-12e8-4021-9c5a-df463e1f0ca3","ELEMENT":"bcaec702-12e8-4021-9c5a-df463e1f0ca3"}]}
RESULT: {"script":"return (function isElementDisplayed(element) {\n    function nodeIsElement(node) {\n        if (!node) {\n            return false;\n        }\n        switch (node.nodeType) {\n            case Node.ELEMEN ... (7763 more bytes)","args":[{"element-6066-11e4-a52e-4f735466cecf":"bcaec702-12e8-4021-9c5a-df463e1f0ca3","ELEMENT":"bcaec702-12e8-4021-9c5a-df463e1f0ca3"}]}
COMMAND: POST /session/cd2890ae22892efecc4faec6cba52f10/execute/sync - {"script":"return (function isElementClickable(elem) {\n    if (!elem.getBoundingClientRect || !elem.scrollIntoView || !elem.contains || !elem.getClientRects || !document.elementFromPoint) {\n        return false; ... (5149 more bytes)","args":[{"element-6066-11e4-a52e-4f735466cecf":"bcaec702-12e8-4021-9c5a-df463e1f0ca3","ELEMENT":"bcaec702-12e8-4021-9c5a-df463e1f0ca3"}]}
RESULT: {"script":"return (function isElementClickable(elem) {\n    if (!elem.getBoundingClientRect || !elem.scrollIntoView || !elem.contains || !elem.getClientRects || !document.elementFromPoint) {\n        return false; ... (5149 more bytes)","args":[{"element-6066-11e4-a52e-4f735466cecf":"bcaec702-12e8-4021-9c5a-df463e1f0ca3","ELEMENT":"bcaec702-12e8-4021-9c5a-df463e1f0ca3"}]}
COMMAND: POST /session/cd2890ae22892efecc4faec6cba52f10/element/bcaec702-12e8-4021-9c5a-df463e1f0ca3/click - {}
RESULT: {}
COMMAND: POST /session/cd2890ae22892efecc4faec6cba52f10/element - {"using":"css selector","value":"#point1"}
RESULT: {"using":"css selector","value":"#point1"}
COMMAND: GET /session/cd2890ae22892efecc4faec6cba52f10/element/77f552c5-403e-4355-8c5d-2b03c5b31d35/text - {}
RESULT: {}
COMMAND: POST /session/cd2890ae22892efecc4faec6cba52f10/element - {"using":"xpath","value":"//span[text()='Mister Twister']"}
COMMAND: POST /session/cd2890ae22892efecc4faec6cba52f10/elements - {"using":"xpath","value":"//div[@id='Specialist_8']"}
COMMAND: POST /session/cd2890ae22892efecc4faec6cba52f10/elements - {"using":"xpath","value":"//div[@data-id='Appointment_1030']"}
COMMAND: POST /session/cd2890ae22892efecc4faec6cba52f10/element - {"using":"xpath","value":"//span[text()='Maud Oliver']"}
RESULT: {"using":"xpath","value":"//span[text()='Mister Twister']"}
COMMAND: POST /session/cd2890ae22892efecc4faec6cba52f10/elements - {"using":"xpath","value":"//h1[@style='color: indigo; border: 4px solid orange']"}
RESULT: {"using":"xpath","value":"//div[@id='Specialist_8']"}
RESULT: {"using":"xpath","value":"//div[@data-id='Appointment_1030']"}
RESULT: {"using":"xpath","value":"//span[text()='Maud Oliver']"}
RESULT: {"using":"xpath","value":"//h1[@style='color: indigo; border: 4px solid orange']"}
COMMAND: POST /session/cd2890ae22892efecc4faec6cba52f10/element - {"using":"css selector","value":"#point1"}
RESULT: {"using":"css selector","value":"#point1"}
COMMAND: GET /session/cd2890ae22892efecc4faec6cba52f10/element/77f552c5-403e-4355-8c5d-2b03c5b31d35/text - {}
RESULT: {}
COMMAND: POST /session/cd2890ae22892efecc4faec6cba52f10/element - {"using":"xpath","value":"//span[text()='Mister Twister']"}
COMMAND: POST /session/cd2890ae22892efecc4faec6cba52f10/elements - {"using":"xpath","value":"//div[@id='Specialist_8']"}
COMMAND: POST /session/cd2890ae22892efecc4faec6cba52f10/elements - {"using":"xpath","value":"//div[@data-id='Appointment_1030']"}
COMMAND: POST /session/cd2890ae22892efecc4faec6cba52f10/element - {"using":"xpath","value":"//span[text()='Maud Oliver']"}
RESULT: {"using":"xpath","value":"//span[text()='Mister Twister']"}
COMMAND: POST /session/cd2890ae22892efecc4faec6cba52f10/elements - {"using":"xpath","value":"//h1[@style='color: indigo; border: 4px solid orange']"}
RESULT: {"using":"xpath","value":"//div[@id='Specialist_8']"}
RESULT: {"using":"xpath","value":"//div[@data-id='Appointment_1030']"}
RESULT: {"using":"xpath","value":"//span[text()='Maud Oliver']"}
RESULT: {"using":"xpath","value":"//h1[@style='color: indigo; border: 4px solid orange']"}
COMMAND: POST /session/cd2890ae22892efecc4faec6cba52f10/element - {"using":"css selector","value":"#point1"}
RESULT: {"using":"css selector","value":"#point1"}
COMMAND: GET /session/cd2890ae22892efecc4faec6cba52f10/element/77f552c5-403e-4355-8c5d-2b03c5b31d35/text - {}
RESULT: {}
COMMAND: POST /session/cd2890ae22892efecc4faec6cba52f10/element - {"using":"xpath","value":"//span[text()='Mister Twister']"}
COMMAND: POST /session/cd2890ae22892efecc4faec6cba52f10/elements - {"using":"xpath","value":"//div[@id='Specialist_8']"}
COMMAND: POST /session/cd2890ae22892efecc4faec6cba52f10/elements - {"using":"xpath","value":"//div[@data-id='Appointment_1030']"}
RESULT: {"using":"xpath","value":"//span[text()='Mister Twister']"}
COMMAND: POST /session/cd2890ae22892efecc4faec6cba52f10/element - {"using":"xpath","value":"//span[text()='Maud Oliver']"}
RESULT: {"using":"xpath","value":"//div[@id='Specialist_8']"}
COMMAND: POST /session/cd2890ae22892efecc4faec6cba52f10/elements - {"using":"xpath","value":"//h1[@style='color: indigo; border: 4px solid orange']"}
RESULT: {"using":"xpath","value":"//div[@data-id='Appointment_1030']"}
RESULT: {"using":"xpath","value":"//span[text()='Maud Oliver']"}
RESULT: {"using":"xpath","value":"//h1[@style='color: indigo; border: 4px solid orange']"}
COMMAND: POST /session/cd2890ae22892efecc4faec6cba52f10/element - {"using":"css selector","value":"#point1"}
RESULT: {"using":"css selector","value":"#point1"}
COMMAND: GET /session/cd2890ae22892efecc4faec6cba52f10/element/77f552c5-403e-4355-8c5d-2b03c5b31d35/text - {}
RESULT: {}
COMMAND: POST /session/cd2890ae22892efecc4faec6cba52f10/element - {"using":"xpath","value":"//span[text()='Mister Twister']"}
COMMAND: POST /session/cd2890ae22892efecc4faec6cba52f10/elements - {"using":"xpath","value":"//div[@id='Specialist_8']"}
COMMAND: POST /session/cd2890ae22892efecc4faec6cba52f10/elements - {"using":"xpath","value":"//div[@data-id='Appointment_1030']"}
COMMAND: POST /session/cd2890ae22892efecc4faec6cba52f10/element - {"using":"xpath","value":"//span[text()='Maud Oliver']"}
COMMAND: POST /session/cd2890ae22892efecc4faec6cba52f10/elements - {"using":"xpath","value":"//h1[@style='color: indigo; border: 4px solid orange']"}
RESULT: {"using":"xpath","value":"//span[text()='Mister Twister']"}
RESULT: {"using":"xpath","value":"//div[@id='Specialist_8']"}
RESULT: {"using":"xpath","value":"//div[@data-id='Appointment_1030']"}
RESULT: {"using":"xpath","value":"//span[text()='Maud Oliver']"}
RESULT: {"using":"xpath","value":"//h1[@style='color: indigo; border: 4px solid orange']"}
COMMAND: POST /session/cd2890ae22892efecc4faec6cba52f10/element - {"using":"css selector","value":"#point1"}
RESULT: {"using":"css selector","value":"#point1"}
COMMAND: GET /session/cd2890ae22892efecc4faec6cba52f10/element/77f552c5-403e-4355-8c5d-2b03c5b31d35/text - {}
RESULT: {}
COMMAND: POST /session/cd2890ae22892efecc4faec6cba52f10/element - {"using":"css selector","value":"#point1"}
RESULT: {"using":"css selector","value":"#point1"}
COMMAND: GET /session/cd2890ae22892efecc4faec6cba52f10/element/77f552c5-403e-4355-8c5d-2b03c5b31d35/text - {}
RESULT: {}
]]></system-out>
    </testcase>
  </testsuite>
  <testsuite name="actions" timestamp="2023-01-04T09:18:37" time="1.652" tests="2" failures="0" errors="0" skipped="0">
    <properties>
      <property name="specId" value="0"/>
      <property name="suiteName" value="actions"/>
      <property name="capabilities" value="chrome.108_0_5359_125.windows"/>
      <property name="file" value=".\test\specs\test.spec.js"/>
    </properties>
    <testcase classname="chrome.108_0_5359_125.windows.actions" name="mouse move" time="0.492">
      <system-out><![CDATA[
COMMAND: POST /session/cd2890ae22892efecc4faec6cba52f10/url - {"url":"https://ej2.syncfusion.com/showcase/angular/appointmentplanner/#/patients"}
COMMAND: POST /session/cd2890ae22892efecc4faec6cba52f10/element - {"using":"xpath","value":"//span[text()='Mister Twister']"}
COMMAND: POST /session/cd2890ae22892efecc4faec6cba52f10/elements - {"using":"xpath","value":"//div[@id='Specialist_8']"}
COMMAND: POST /session/cd2890ae22892efecc4faec6cba52f10/elements - {"using":"xpath","value":"//div[@data-id='Appointment_1030']"}
COMMAND: POST /session/cd2890ae22892efecc4faec6cba52f10/element - {"using":"xpath","value":"//span[text()='Maud Oliver']"}
COMMAND: POST /session/cd2890ae22892efecc4faec6cba52f10/elements - {"using":"xpath","value":"//h1[@style='color: indigo; border: 4px solid orange']"}
RESULT: {"url":"https://ej2.syncfusion.com/showcase/angular/appointmentplanner/#/patients"}
COMMAND: POST /session/cd2890ae22892efecc4faec6cba52f10/element - {"using":"css selector","value":"div.e-responsive-header table[role=grid] tbody tr:first-child"}
RESULT: {"using":"xpath","value":"//span[text()='Mister Twister']"}
RESULT: {"using":"xpath","value":"//div[@id='Specialist_8']"}
RESULT: {"using":"xpath","value":"//div[@data-id='Appointment_1030']"}
RESULT: {"using":"xpath","value":"//span[text()='Maud Oliver']"}
COMMAND: POST /session/cd2890ae22892efecc4faec6cba52f10/execute/sync - {"script":"return (function isElementDisplayed(element) {\n    function nodeIsElement(node) {\n        if (!node) {\n            return false;\n        }\n        switch (node.nodeType) {\n            case Node.ELEMEN ... (7763 more bytes)","args":[{"element-6066-11e4-a52e-4f735466cecf":"32a05ea8-ca4a-4e8d-b859-bdd8e2a89183","ELEMENT":"32a05ea8-ca4a-4e8d-b859-bdd8e2a89183"}]}
RESULT: {"using":"xpath","value":"//h1[@style='color: indigo; border: 4px solid orange']"}
RESULT: {"using":"css selector","value":"div.e-responsive-header table[role=grid] tbody tr:first-child"}
COMMAND: GET /session/cd2890ae22892efecc4faec6cba52f10/element/e2754c53-cb84-491a-8a46-debd89e29cfd/rect - {}
RESULT: {"script":"return (function isElementDisplayed(element) {\n    function nodeIsElement(node) {\n        if (!node) {\n            return false;\n        }\n        switch (node.nodeType) {\n            case Node.ELEMEN ... (7763 more bytes)","args":[{"element-6066-11e4-a52e-4f735466cecf":"32a05ea8-ca4a-4e8d-b859-bdd8e2a89183","ELEMENT":"32a05ea8-ca4a-4e8d-b859-bdd8e2a89183"}]}
COMMAND: POST /session/cd2890ae22892efecc4faec6cba52f10/execute/sync - {"script":"return (function isElementClickable(elem) {\n    if (!elem.getBoundingClientRect || !elem.scrollIntoView || !elem.contains || !elem.getClientRects || !document.elementFromPoint) {\n        return false; ... (5149 more bytes)","args":[{"element-6066-11e4-a52e-4f735466cecf":"32a05ea8-ca4a-4e8d-b859-bdd8e2a89183","ELEMENT":"32a05ea8-ca4a-4e8d-b859-bdd8e2a89183"}]}
RESULT: {}
COMMAND: POST /session/cd2890ae22892efecc4faec6cba52f10/execute/sync - {"script":"return (function () {\n        return { scrollX: this.pageXOffset, scrollY: this.pageYOffset };\n    }).apply(null, arguments)","args":[]}
RESULT: {"script":"return (function isElementClickable(elem) {\n    if (!elem.getBoundingClientRect || !elem.scrollIntoView || !elem.contains || !elem.getClientRects || !document.elementFromPoint) {\n        return false; ... (5149 more bytes)","args":[{"element-6066-11e4-a52e-4f735466cecf":"32a05ea8-ca4a-4e8d-b859-bdd8e2a89183","ELEMENT":"32a05ea8-ca4a-4e8d-b859-bdd8e2a89183"}]}
RESULT: {"script":"return (function () {\n        return { scrollX: this.pageXOffset, scrollY: this.pageYOffset };\n    }).apply(null, arguments)","args":[]}
COMMAND: POST /session/cd2890ae22892efecc4faec6cba52f10/actions - {"actions":[{"type":"pointer","id":"finger1","parameters":{"pointerType":"mouse"},"actions":[{"type":"pointerMove","duration":0,"x":643,"y":248}]}]}
RESULT: {"actions":[{"type":"pointer","id":"finger1","parameters":{"pointerType":"mouse"},"actions":[{"type":"pointerMove","duration":0,"x":643,"y":248}]}]}
COMMAND: DELETE /session/cd2890ae22892efecc4faec6cba52f10/actions - {}
RESULT: {}
COMMAND: POST /session/cd2890ae22892efecc4faec6cba52f10/element - {"using":"css selector","value":"div.e-responsive-header table[role=grid] tbody tr:first-child"}
RESULT: {"using":"css selector","value":"div.e-responsive-header table[role=grid] tbody tr:first-child"}
COMMAND: POST /session/cd2890ae22892efecc4faec6cba52f10/execute/sync - {"script":"return (function isFocused(elem) {\n    return elem === document.activeElement;\n}).apply(null, arguments)","args":[{"element-6066-11e4-a52e-4f735466cecf":"e2754c53-cb84-491a-8a46-debd89e29cfd","ELEMENT":"e2754c53-cb84-491a-8a46-debd89e29cfd"}]}
RESULT: {"script":"return (function isFocused(elem) {\n    return elem === document.activeElement;\n}).apply(null, arguments)","args":[{"element-6066-11e4-a52e-4f735466cecf":"e2754c53-cb84-491a-8a46-debd89e29cfd","ELEMENT":"e2754c53-cb84-491a-8a46-debd89e29cfd"}]}
]]></system-out>
    </testcase>
    <testcase classname="chrome.108_0_5359_125.windows.actions" name="perform actions" time="1.155">
      <system-out><![CDATA[
COMMAND: POST /session/cd2890ae22892efecc4faec6cba52f10/url - {"url":"https://ej2.syncfusion.com/showcase/angular/appointmentplanner/#/calendar"}
RESULT: {"url":"https://ej2.syncfusion.com/showcase/angular/appointmentplanner/#/calendar"}
COMMAND: POST /session/cd2890ae22892efecc4faec6cba52f10/element - {"using":"css selector","value":"[data-date='1596340800000']"}
COMMAND: POST /session/cd2890ae22892efecc4faec6cba52f10/elements - {"using":"xpath","value":"//div[@id='Specialist_8']"}
COMMAND: POST /session/cd2890ae22892efecc4faec6cba52f10/elements - {"using":"xpath","value":"//div[@data-id='Appointment_1030']"}
RESULT: {"using":"css selector","value":"[data-date='1596340800000']"}
COMMAND: POST /session/cd2890ae22892efecc4faec6cba52f10/element - {"using":"css selector","value":"[data-date='1596342600000']"}
COMMAND: POST /session/cd2890ae22892efecc4faec6cba52f10/elements - {"using":"xpath","value":"//h1[@style='color: indigo; border: 4px solid orange']"}
RESULT: {"using":"xpath","value":"//div[@id='Specialist_8']"}
RESULT: {"using":"xpath","value":"//div[@data-id='Appointment_1030']"}
RESULT: {"using":"css selector","value":"[data-date='1596342600000']"}
COMMAND: POST /session/cd2890ae22892efecc4faec6cba52f10/execute/sync - {"script":"return (function isElementDisplayed(element) {\n    function nodeIsElement(node) {\n        if (!node) {\n            return false;\n        }\n        switch (node.nodeType) {\n            case Node.ELEMEN ... (7763 more bytes)","args":[{"element-6066-11e4-a52e-4f735466cecf":"794f6bd1-9c65-4099-9b01-e892209b7ff1","ELEMENT":"794f6bd1-9c65-4099-9b01-e892209b7ff1"}]}
RESULT: {"using":"xpath","value":"//h1[@style='color: indigo; border: 4px solid orange']"}
RESULT: {"script":"return (function isElementDisplayed(element) {\n    function nodeIsElement(node) {\n        if (!node) {\n            return false;\n        }\n        switch (node.nodeType) {\n            case Node.ELEMEN ... (7763 more bytes)","args":[{"element-6066-11e4-a52e-4f735466cecf":"794f6bd1-9c65-4099-9b01-e892209b7ff1","ELEMENT":"794f6bd1-9c65-4099-9b01-e892209b7ff1"}]}
COMMAND: POST /session/cd2890ae22892efecc4faec6cba52f10/execute/sync - {"script":"return (function isElementClickable(elem) {\n    if (!elem.getBoundingClientRect || !elem.scrollIntoView || !elem.contains || !elem.getClientRects || !document.elementFromPoint) {\n        return false; ... (5149 more bytes)","args":[{"element-6066-11e4-a52e-4f735466cecf":"794f6bd1-9c65-4099-9b01-e892209b7ff1","ELEMENT":"794f6bd1-9c65-4099-9b01-e892209b7ff1"}]}
RESULT: {"script":"return (function isElementClickable(elem) {\n    if (!elem.getBoundingClientRect || !elem.scrollIntoView || !elem.contains || !elem.getClientRects || !document.elementFromPoint) {\n        return false; ... (5149 more bytes)","args":[{"element-6066-11e4-a52e-4f735466cecf":"794f6bd1-9c65-4099-9b01-e892209b7ff1","ELEMENT":"794f6bd1-9c65-4099-9b01-e892209b7ff1"}]}
COMMAND: POST /session/cd2890ae22892efecc4faec6cba52f10/element/794f6bd1-9c65-4099-9b01-e892209b7ff1/click - {}
RESULT: {}
COMMAND: POST /session/cd2890ae22892efecc4faec6cba52f10/actions - {"actions":[{"type":"key","id":"keyboard","actions":[{"type":"keyDown","value":""}]}]}
RESULT: {"actions":[{"type":"key","id":"keyboard","actions":[{"type":"keyDown","value":""}]}]}
COMMAND: POST /session/cd2890ae22892efecc4faec6cba52f10/execute/sync - {"script":"return (function isElementDisplayed(element) {\n    function nodeIsElement(node) {\n        if (!node) {\n            return false;\n        }\n        switch (node.nodeType) {\n            case Node.ELEMEN ... (7763 more bytes)","args":[{"element-6066-11e4-a52e-4f735466cecf":"427bf27f-fc08-435c-80e6-495fcb0661bd","ELEMENT":"427bf27f-fc08-435c-80e6-495fcb0661bd"}]}
RESULT: {"script":"return (function isElementDisplayed(element) {\n    function nodeIsElement(node) {\n        if (!node) {\n            return false;\n        }\n        switch (node.nodeType) {\n            case Node.ELEMEN ... (7763 more bytes)","args":[{"element-6066-11e4-a52e-4f735466cecf":"427bf27f-fc08-435c-80e6-495fcb0661bd","ELEMENT":"427bf27f-fc08-435c-80e6-495fcb0661bd"}]}
COMMAND: POST /session/cd2890ae22892efecc4faec6cba52f10/execute/sync - {"script":"return (function isElementClickable(elem) {\n    if (!elem.getBoundingClientRect || !elem.scrollIntoView || !elem.contains || !elem.getClientRects || !document.elementFromPoint) {\n        return false; ... (5149 more bytes)","args":[{"element-6066-11e4-a52e-4f735466cecf":"427bf27f-fc08-435c-80e6-495fcb0661bd","ELEMENT":"427bf27f-fc08-435c-80e6-495fcb0661bd"}]}
RESULT: {"script":"return (function isElementClickable(elem) {\n    if (!elem.getBoundingClientRect || !elem.scrollIntoView || !elem.contains || !elem.getClientRects || !document.elementFromPoint) {\n        return false; ... (5149 more bytes)","args":[{"element-6066-11e4-a52e-4f735466cecf":"427bf27f-fc08-435c-80e6-495fcb0661bd","ELEMENT":"427bf27f-fc08-435c-80e6-495fcb0661bd"}]}
COMMAND: POST /session/cd2890ae22892efecc4faec6cba52f10/element/427bf27f-fc08-435c-80e6-495fcb0661bd/click - {}
RESULT: {}
COMMAND: POST /session/cd2890ae22892efecc4faec6cba52f10/elements - {"using":"xpath","value":"//div[@id='Specialist_8']"}
COMMAND: POST /session/cd2890ae22892efecc4faec6cba52f10/elements - {"using":"xpath","value":"//div[@data-id='Appointment_1030']"}
RESULT: {"using":"xpath","value":"//div[@id='Specialist_8']"}
COMMAND: POST /session/cd2890ae22892efecc4faec6cba52f10/elements - {"using":"xpath","value":"//h1[@style='color: indigo; border: 4px solid orange']"}
RESULT: {"using":"xpath","value":"//div[@data-id='Appointment_1030']"}
RESULT: {"using":"xpath","value":"//h1[@style='color: indigo; border: 4px solid orange']"}
COMMAND: POST /session/cd2890ae22892efecc4faec6cba52f10/actions - {"actions":[{"type":"key","id":"keyboard","actions":[{"type":"keyUp","value":""}]}]}
RESULT: {"actions":[{"type":"key","id":"keyboard","actions":[{"type":"keyUp","value":""}]}]}
COMMAND: DELETE /session/cd2890ae22892efecc4faec6cba52f10/actions - {}
RESULT: {}
COMMAND: POST /session/cd2890ae22892efecc4faec6cba52f10/element - {"using":"css selector","value":"[data-date='1596340800000']"}
RESULT: {"using":"css selector","value":"[data-date='1596340800000']"}
COMMAND: POST /session/cd2890ae22892efecc4faec6cba52f10/element - {"using":"css selector","value":"[data-date='1596342600000']"}
COMMAND: POST /session/cd2890ae22892efecc4faec6cba52f10/execute/sync - {"script":"return (function isFocused(elem) {\n    return elem === document.activeElement;\n}).apply(null, arguments)","args":[{"element-6066-11e4-a52e-4f735466cecf":"794f6bd1-9c65-4099-9b01-e892209b7ff1","ELEMENT":"794f6bd1-9c65-4099-9b01-e892209b7ff1"}]}
RESULT: {"using":"css selector","value":"[data-date='1596342600000']"}
COMMAND: POST /session/cd2890ae22892efecc4faec6cba52f10/execute/sync - {"script":"return (function isFocused(elem) {\n    return elem === document.activeElement;\n}).apply(null, arguments)","args":[{"element-6066-11e4-a52e-4f735466cecf":"427bf27f-fc08-435c-80e6-495fcb0661bd","ELEMENT":"427bf27f-fc08-435c-80e6-495fcb0661bd"}]}
]]></system-out>
    </testcase>
  </testsuite>
  <testsuite name="cookies" timestamp="2023-01-04T09:18:39" time="0.087" tests="1" failures="0" errors="0" skipped="0">
    <properties>
      <property name="specId" value="0"/>
      <property name="suiteName" value="cookies"/>
      <property name="capabilities" value="chrome.108_0_5359_125.windows"/>
      <property name="file" value=".\test\specs\test.spec.js"/>
    </properties>
    <testcase classname="chrome.108_0_5359_125.windows.cookies" name="setCookies" time="0.085">
      <system-out><![CDATA[
RESULT: {"script":"return (function isFocused(elem) {\n    return elem === document.activeElement;\n}).apply(null, arguments)","args":[{"element-6066-11e4-a52e-4f735466cecf":"794f6bd1-9c65-4099-9b01-e892209b7ff1","ELEMENT":"794f6bd1-9c65-4099-9b01-e892209b7ff1"}]}
COMMAND: POST /session/cd2890ae22892efecc4faec6cba52f10/url - {"url":"https://ej2.syncfusion.com/showcase/angular/appointmentplanner/#/doctors"}
RESULT: {"script":"return (function isFocused(elem) {\n    return elem === document.activeElement;\n}).apply(null, arguments)","args":[{"element-6066-11e4-a52e-4f735466cecf":"427bf27f-fc08-435c-80e6-495fcb0661bd","ELEMENT":"427bf27f-fc08-435c-80e6-495fcb0661bd"}]}
RESULT: {"url":"https://ej2.syncfusion.com/showcase/angular/appointmentplanner/#/doctors"}
COMMAND: POST /session/cd2890ae22892efecc4faec6cba52f10/cookie - {"cookie":{"name":"helloIamTheCookie","value":"69"}}
RESULT: {"cookie":{"name":"helloIamTheCookie","value":"69"}}
COMMAND: GET /session/cd2890ae22892efecc4faec6cba52f10/cookie - {}
RESULT: {}
COMMAND: DELETE /session/cd2890ae22892efecc4faec6cba52f10 - {}
RESULT: {}
]]></system-out>
    </testcase>
  </testsuite>
</testsuites>